{"/home/travis/build/npmtest/node-npmtest-sails-swagger/test.js":{"path":"/home/travis/build/npmtest/node-npmtest-sails-swagger/test.js","s":{"1":2,"2":2,"3":2,"4":2,"5":2,"6":2,"7":2,"8":1,"9":2,"10":2,"11":1,"12":1,"13":1,"14":1,"15":2,"16":2,"17":2,"18":2,"19":1,"20":1,"21":2,"22":2,"23":2,"24":1,"25":1,"26":1,"27":1,"28":1,"29":1,"30":1,"31":1,"32":1,"33":1,"34":1,"35":1,"36":1,"37":1,"38":1,"39":2,"40":2,"41":1,"42":2,"43":2,"44":1,"45":2,"46":2,"47":1,"48":2,"49":2,"50":1,"51":1,"52":1,"53":1,"54":1},"b":{"1":[2,1,1,1],"2":[1,1,1,1],"3":[1,1],"4":[1,1],"5":[1,1],"6":[1,1],"7":[1,1],"8":[1,1],"9":[1,1],"10":[1,1,1],"11":[1,1],"12":[1,1],"13":[1,1],"14":[1,1],"15":[1,1],"16":[1,1],"17":[1,1]},"f":{"1":2,"2":2,"3":2,"4":2,"5":2,"6":1,"7":1,"8":1,"9":2,"10":2,"11":2,"12":2,"13":1},"fnMap":{"1":{"name":"(anonymous_1)","line":12,"loc":{"start":{"line":12,"column":1},"end":{"line":12,"column":13}}},"2":{"name":"(anonymous_2)","line":19,"loc":{"start":{"line":19,"column":5},"end":{"line":19,"column":17}}},"3":{"name":"(anonymous_3)","line":23,"loc":{"start":{"line":23,"column":24},"end":{"line":23,"column":36}}},"4":{"name":"(anonymous_4)","line":61,"loc":{"start":{"line":61,"column":5},"end":{"line":61,"column":17}}},"5":{"name":"(anonymous_5)","line":82,"loc":{"start":{"line":82,"column":5},"end":{"line":82,"column":17}}},"6":{"name":"(anonymous_6)","line":91,"loc":{"start":{"line":91,"column":77},"end":{"line":94,"column":10}}},"7":{"name":"(anonymous_7)","line":112,"loc":{"start":{"line":112,"column":83},"end":{"line":115,"column":10}},"skip":true},"8":{"name":"(anonymous_8)","line":123,"loc":{"start":{"line":123,"column":77},"end":{"line":126,"column":10}},"skip":true},"9":{"name":"(anonymous_9)","line":139,"loc":{"start":{"line":139,"column":12},"end":{"line":139,"column":40}},"skip":true},"10":{"name":"(anonymous_10)","line":147,"loc":{"start":{"line":147,"column":77},"end":{"line":150,"column":10}},"skip":true},"11":{"name":"(anonymous_11)","line":158,"loc":{"start":{"line":158,"column":83},"end":{"line":161,"column":10}},"skip":true},"12":{"name":"(anonymous_12)","line":169,"loc":{"start":{"line":169,"column":79},"end":{"line":172,"column":10}},"skip":true},"13":{"name":"(anonymous_13)","line":180,"loc":{"start":{"line":180,"column":75},"end":{"line":183,"column":10}},"skip":true}},"statementMap":{"1":{"start":{"line":12,"column":0},"end":{"line":195,"column":5}},"2":{"start":{"line":14,"column":4},"end":{"line":14,"column":14}},"3":{"start":{"line":19,"column":4},"end":{"line":56,"column":9}},"4":{"start":{"line":21,"column":8},"end":{"line":21,"column":19}},"5":{"start":{"line":23,"column":8},"end":{"line":35,"column":13}},"6":{"start":{"line":24,"column":12},"end":{"line":34,"column":13}},"7":{"start":{"line":25,"column":16},"end":{"line":28,"column":30}},"8":{"start":{"line":30,"column":16},"end":{"line":33,"column":27}},"9":{"start":{"line":37,"column":8},"end":{"line":39,"column":21}},"10":{"start":{"line":40,"column":8},"end":{"line":53,"column":9}},"11":{"start":{"line":43,"column":12},"end":{"line":46,"column":14}},"12":{"start":{"line":47,"column":12},"end":{"line":47,"column":18}},"13":{"start":{"line":50,"column":12},"end":{"line":51,"column":33}},"14":{"start":{"line":52,"column":12},"end":{"line":52,"column":18}},"15":{"start":{"line":55,"column":8},"end":{"line":55,"column":35}},"16":{"start":{"line":61,"column":4},"end":{"line":63,"column":9}},"17":{"start":{"line":62,"column":8},"end":{"line":62,"column":15}},"18":{"start":{"line":64,"column":4},"end":{"line":77,"column":5}},"19":{"start":{"line":70,"column":8},"end":{"line":70,"column":14}},"20":{"start":{"line":76,"column":8},"end":{"line":76,"column":14}},"21":{"start":{"line":82,"column":4},"end":{"line":84,"column":9}},"22":{"start":{"line":83,"column":8},"end":{"line":83,"column":15}},"23":{"start":{"line":85,"column":4},"end":{"line":194,"column":5}},"24":{"start":{"line":91,"column":8},"end":{"line":99,"column":10}},"25":{"start":{"line":98,"column":12},"end":{"line":98,"column":35}},"26":{"start":{"line":102,"column":8},"end":{"line":104,"column":63}},"27":{"start":{"line":105,"column":8},"end":{"line":105,"column":14}},"28":{"start":{"line":112,"column":8},"end":{"line":121,"column":10},"skip":true},"29":{"start":{"line":119,"column":12},"end":{"line":119,"column":55},"skip":true},"30":{"start":{"line":120,"column":12},"end":{"line":120,"column":48},"skip":true},"31":{"start":{"line":123,"column":8},"end":{"line":136,"column":10},"skip":true},"32":{"start":{"line":130,"column":12},"end":{"line":130,"column":76},"skip":true},"33":{"start":{"line":131,"column":12},"end":{"line":131,"column":73},"skip":true},"34":{"start":{"line":132,"column":12},"end":{"line":132,"column":74},"skip":true},"35":{"start":{"line":133,"column":12},"end":{"line":133,"column":79},"skip":true},"36":{"start":{"line":134,"column":12},"end":{"line":134,"column":25},"skip":true},"37":{"start":{"line":135,"column":12},"end":{"line":135,"column":45},"skip":true},"38":{"start":{"line":138,"column":8},"end":{"line":145,"column":14},"skip":true},"39":{"start":{"line":143,"column":16},"end":{"line":143,"column":29},"skip":true},"40":{"start":{"line":144,"column":16},"end":{"line":144,"column":55},"skip":true},"41":{"start":{"line":147,"column":8},"end":{"line":156,"column":10},"skip":true},"42":{"start":{"line":154,"column":12},"end":{"line":154,"column":25},"skip":true},"43":{"start":{"line":155,"column":12},"end":{"line":155,"column":45},"skip":true},"44":{"start":{"line":158,"column":8},"end":{"line":167,"column":10},"skip":true},"45":{"start":{"line":165,"column":12},"end":{"line":165,"column":25},"skip":true},"46":{"start":{"line":166,"column":12},"end":{"line":166,"column":48},"skip":true},"47":{"start":{"line":169,"column":8},"end":{"line":178,"column":10},"skip":true},"48":{"start":{"line":176,"column":12},"end":{"line":176,"column":25},"skip":true},"49":{"start":{"line":177,"column":12},"end":{"line":177,"column":46},"skip":true},"50":{"start":{"line":180,"column":8},"end":{"line":189,"column":10},"skip":true},"51":{"start":{"line":187,"column":12},"end":{"line":187,"column":94},"skip":true},"52":{"start":{"line":188,"column":12},"end":{"line":188,"column":48},"skip":true},"53":{"start":{"line":192,"column":8},"end":{"line":192,"column":35},"skip":true},"54":{"start":{"line":193,"column":8},"end":{"line":193,"column":14},"skip":true}},"branchMap":{"1":{"line":25,"type":"binary-expr","locations":[{"start":{"line":25,"column":23},"end":{"line":25,"column":62}},{"start":{"line":26,"column":20},"end":{"line":26,"column":70}},{"start":{"line":27,"column":20},"end":{"line":27,"column":71}},{"start":{"line":28,"column":20},"end":{"line":28,"column":29}}]},"2":{"line":30,"type":"binary-expr","locations":[{"start":{"line":30,"column":23},"end":{"line":30,"column":37}},{"start":{"line":31,"column":20},"end":{"line":31,"column":61}},{"start":{"line":32,"column":20},"end":{"line":32,"column":70}},{"start":{"line":33,"column":20},"end":{"line":33,"column":26}}]},"3":{"line":37,"type":"cond-expr","locations":[{"start":{"line":38,"column":14},"end":{"line":38,"column":20}},{"start":{"line":39,"column":14},"end":{"line":39,"column":20}}]},"4":{"line":40,"type":"switch","locations":[{"start":{"line":42,"column":8},"end":{"line":47,"column":18}},{"start":{"line":49,"column":8},"end":{"line":52,"column":18}}]},"5":{"line":44,"type":"binary-expr","locations":[{"start":{"line":44,"column":16},"end":{"line":44,"column":44}},{"start":{"line":44,"column":48},"end":{"line":44,"column":66}}]},"6":{"line":50,"type":"binary-expr","locations":[{"start":{"line":50,"column":21},"end":{"line":50,"column":49}},{"start":{"line":50,"column":53},"end":{"line":50,"column":72}}]},"7":{"line":64,"type":"switch","locations":[{"start":{"line":69,"column":4},"end":{"line":70,"column":14}},{"start":{"line":75,"column":4},"end":{"line":76,"column":14}}]},"8":{"line":85,"type":"switch","locations":[{"start":{"line":90,"column":4},"end":{"line":105,"column":14}},{"start":{"line":111,"column":4},"end":{"line":193,"column":14},"skip":true}]},"9":{"line":91,"type":"binary-expr","locations":[{"start":{"line":91,"column":42},"end":{"line":91,"column":73}},{"start":{"line":91,"column":77},"end":{"line":99,"column":9}}]},"10":{"line":102,"type":"binary-expr","locations":[{"start":{"line":102,"column":18},"end":{"line":102,"column":32}},{"start":{"line":103,"column":12},"end":{"line":103,"column":53}},{"start":{"line":104,"column":12},"end":{"line":104,"column":61}}]},"11":{"line":112,"type":"binary-expr","locations":[{"start":{"line":112,"column":45},"end":{"line":112,"column":79},"skip":true},{"start":{"line":112,"column":83},"end":{"line":121,"column":9},"skip":true}]},"12":{"line":123,"type":"binary-expr","locations":[{"start":{"line":123,"column":42},"end":{"line":123,"column":73},"skip":true},{"start":{"line":123,"column":77},"end":{"line":136,"column":9},"skip":true}]},"13":{"line":138,"type":"binary-expr","locations":[{"start":{"line":138,"column":48},"end":{"line":138,"column":85},"skip":true},{"start":{"line":139,"column":12},"end":{"line":145,"column":13},"skip":true}]},"14":{"line":147,"type":"binary-expr","locations":[{"start":{"line":147,"column":42},"end":{"line":147,"column":73},"skip":true},{"start":{"line":147,"column":77},"end":{"line":156,"column":9},"skip":true}]},"15":{"line":158,"type":"binary-expr","locations":[{"start":{"line":158,"column":45},"end":{"line":158,"column":79},"skip":true},{"start":{"line":158,"column":83},"end":{"line":167,"column":9},"skip":true}]},"16":{"line":169,"type":"binary-expr","locations":[{"start":{"line":169,"column":43},"end":{"line":169,"column":75},"skip":true},{"start":{"line":169,"column":79},"end":{"line":178,"column":9},"skip":true}]},"17":{"line":180,"type":"binary-expr","locations":[{"start":{"line":180,"column":41},"end":{"line":180,"column":71},"skip":true},{"start":{"line":180,"column":75},"end":{"line":189,"column":9},"skip":true}]}},"code":["/* istanbul instrument in package npmtest_sails_swagger */","/*jslint","    bitwise: true,","    browser: true,","    maxerr: 8,","    maxlen: 96,","    node: true,","    nomen: true,","    regexp: true,","    stupid: true","*/","(function () {","    'use strict';","    var local;","","","","    // run shared js-env code - init-before","    (function () {","        // init local","        local = {};","        // init modeJs","        local.modeJs = (function () {","            try {","                return typeof navigator.userAgent === 'string' &&","                    typeof document.querySelector('body') === 'object' &&","                    typeof XMLHttpRequest.prototype.open === 'function' &&","                    'browser';","            } catch (errorCaughtBrowser) {","                return module.exports &&","                    typeof process.versions.node === 'string' &&","                    typeof require('http').createServer === 'function' &&","                    'node';","            }","        }());","        // init global","        local.global = local.modeJs === 'browser'","            ? window","            : global;","        switch (local.modeJs) {","        // re-init local from window.local","        case 'browser':","            local = local.global.utility2.objectSetDefault(","                local.global.utility2_rollup || local.global.local,","                local.global.utility2","            );","            break;","        // re-init local from example.js","        case 'node':","            local = (local.global.utility2_rollup || require('utility2'))","                .requireReadme();","            break;","        }","        // export local","        local.global.local = local;","    }());","","","","    // run shared js-env code - function","    (function () {","        return;","    }());","    switch (local.modeJs) {","","","","    // run browser js-env code - function","    case 'browser':","        break;","","","","    // run node js-env code - function","    case 'node':","        break;","    }","","","","    // run shared js-env code - init-after","    (function () {","        return;","    }());","    switch (local.modeJs) {","","","","    // run browser js-env code - init-after","    case 'browser':","        local.testCase_browser_nullCase = local.testCase_browser_nullCase || function (","            options,","            onError","        ) {","        /*","         * this function will test browsers's null-case handling-behavior-behavior","         */","            onError(null, options);","        };","","        // run tests","        local.nop(local.modeTest &&","            document.querySelector('#testRunButton1') &&","            document.querySelector('#testRunButton1').click());","        break;","","","","    // run node js-env code - init-after","    /* istanbul ignore next */","    case 'node':","        local.testCase_buildApidoc_default = local.testCase_buildApidoc_default || function (","            options,","            onError","        ) {","        /*","         * this function will test buildApidoc's default handling-behavior-behavior","         */","            options = { modulePathList: module.paths };","            local.buildApidoc(options, onError);","        };","","        local.testCase_buildApp_default = local.testCase_buildApp_default || function (","            options,","            onError","        ) {","        /*","         * this function will test buildApp's default handling-behavior-behavior","         */","            local.testCase_buildReadme_default(options, local.onErrorThrow);","            local.testCase_buildLib_default(options, local.onErrorThrow);","            local.testCase_buildTest_default(options, local.onErrorThrow);","            local.testCase_buildCustomOrg_default(options, local.onErrorThrow);","            options = [];","            local.buildApp(options, onError);","        };","","        local.testCase_buildCustomOrg_default = local.testCase_buildCustomOrg_default ||","            function (options, onError) {","            /*","             * this function will test buildCustomOrg's default handling-behavior","             */","                options = {};","                local.buildCustomOrg(options, onError);","            };","","        local.testCase_buildLib_default = local.testCase_buildLib_default || function (","            options,","            onError","        ) {","        /*","         * this function will test buildLib's default handling-behavior","         */","            options = {};","            local.buildLib(options, onError);","        };","","        local.testCase_buildReadme_default = local.testCase_buildReadme_default || function (","            options,","            onError","        ) {","        /*","         * this function will test buildReadme's default handling-behavior-behavior","         */","            options = {};","            local.buildReadme(options, onError);","        };","","        local.testCase_buildTest_default = local.testCase_buildTest_default || function (","            options,","            onError","        ) {","        /*","         * this function will test buildTest's default handling-behavior","         */","            options = {};","            local.buildTest(options, onError);","        };","","        local.testCase_webpage_default = local.testCase_webpage_default || function (","            options,","            onError","        ) {","        /*","         * this function will test webpage's default handling-behavior","         */","            options = { modeCoverageMerge: true, url: local.serverLocalHost + '?modeTest=1' };","            local.browserTest(options, onError);","        };","","        // run test-server","        local.testRunServer(local);","        break;","    }","}());",""],"l":{"12":2,"14":2,"19":2,"21":2,"23":2,"24":2,"25":2,"30":1,"37":2,"40":2,"43":1,"47":1,"50":1,"52":1,"55":2,"61":2,"62":2,"64":2,"70":1,"76":1,"82":2,"83":2,"85":2,"91":1,"98":1,"102":1,"105":1,"112":1,"119":1,"120":1,"123":1,"130":1,"131":1,"132":1,"133":1,"134":1,"135":1,"138":1,"143":2,"144":2,"147":1,"154":2,"155":2,"158":1,"165":2,"166":2,"169":1,"176":2,"177":2,"180":1,"187":1,"188":1,"192":1,"193":1}},"/home/travis/build/npmtest/node-npmtest-sails-swagger/lib.npmtest_sails_swagger.js":{"path":"/home/travis/build/npmtest/node-npmtest-sails-swagger/lib.npmtest_sails_swagger.js","s":{"1":2,"2":2,"3":2,"4":2,"5":2,"6":2,"7":2,"8":1,"9":2,"10":2,"11":2,"12":2,"13":1,"14":1,"15":1,"16":1},"b":{"1":[2,1,1,1],"2":[1,1,1,1],"3":[1,1],"4":[2,2],"5":[1,1]},"f":{"1":2,"2":2,"3":2},"fnMap":{"1":{"name":"(anonymous_1)","line":12,"loc":{"start":{"line":12,"column":1},"end":{"line":12,"column":13}}},"2":{"name":"(anonymous_2)","line":19,"loc":{"start":{"line":19,"column":5},"end":{"line":19,"column":17}}},"3":{"name":"(anonymous_3)","line":23,"loc":{"start":{"line":23,"column":24},"end":{"line":23,"column":36}}}},"statementMap":{"1":{"start":{"line":12,"column":0},"end":{"line":53,"column":5}},"2":{"start":{"line":14,"column":4},"end":{"line":14,"column":14}},"3":{"start":{"line":19,"column":4},"end":{"line":52,"column":9}},"4":{"start":{"line":21,"column":8},"end":{"line":21,"column":19}},"5":{"start":{"line":23,"column":8},"end":{"line":35,"column":13}},"6":{"start":{"line":24,"column":12},"end":{"line":34,"column":13}},"7":{"start":{"line":25,"column":16},"end":{"line":28,"column":30}},"8":{"start":{"line":30,"column":16},"end":{"line":33,"column":27}},"9":{"start":{"line":37,"column":8},"end":{"line":39,"column":21}},"10":{"start":{"line":41,"column":8},"end":{"line":41,"column":54}},"11":{"start":{"line":43,"column":8},"end":{"line":43,"column":58}},"12":{"start":{"line":45,"column":8},"end":{"line":51,"column":9}},"13":{"start":{"line":46,"column":12},"end":{"line":46,"column":64}},"14":{"start":{"line":48,"column":12},"end":{"line":48,"column":35}},"15":{"start":{"line":49,"column":12},"end":{"line":49,"column":49}},"16":{"start":{"line":50,"column":12},"end":{"line":50,"column":43}}},"branchMap":{"1":{"line":25,"type":"binary-expr","locations":[{"start":{"line":25,"column":23},"end":{"line":25,"column":62}},{"start":{"line":26,"column":20},"end":{"line":26,"column":70}},{"start":{"line":27,"column":20},"end":{"line":27,"column":71}},{"start":{"line":28,"column":20},"end":{"line":28,"column":29}}]},"2":{"line":30,"type":"binary-expr","locations":[{"start":{"line":30,"column":23},"end":{"line":30,"column":37}},{"start":{"line":31,"column":20},"end":{"line":31,"column":61}},{"start":{"line":32,"column":20},"end":{"line":32,"column":70}},{"start":{"line":33,"column":20},"end":{"line":33,"column":26}}]},"3":{"line":37,"type":"cond-expr","locations":[{"start":{"line":38,"column":14},"end":{"line":38,"column":20}},{"start":{"line":39,"column":14},"end":{"line":39,"column":20}}]},"4":{"line":41,"type":"binary-expr","locations":[{"start":{"line":41,"column":16},"end":{"line":41,"column":44}},{"start":{"line":41,"column":48},"end":{"line":41,"column":53}}]},"5":{"line":45,"type":"if","locations":[{"start":{"line":45,"column":8},"end":{"line":45,"column":8}},{"start":{"line":45,"column":8},"end":{"line":45,"column":8}}]}},"code":["/* istanbul instrument in package npmtest_sails_swagger */","/*jslint","    bitwise: true,","    browser: true,","    maxerr: 8,","    maxlen: 96,","    node: true,","    nomen: true,","    regexp: true,","    stupid: true","*/","(function () {","    'use strict';","    var local;","","","","    // run shared js-env code - init-before","    (function () {","        // init local","        local = {};","        // init modeJs","        local.modeJs = (function () {","            try {","                return typeof navigator.userAgent === 'string' &&","                    typeof document.querySelector('body') === 'object' &&","                    typeof XMLHttpRequest.prototype.open === 'function' &&","                    'browser';","            } catch (errorCaughtBrowser) {","                return module.exports &&","                    typeof process.versions.node === 'string' &&","                    typeof require('http').createServer === 'function' &&","                    'node';","            }","        }());","        // init global","        local.global = local.modeJs === 'browser'","            ? window","            : global;","        // init utility2_rollup","        local = local.global.utility2_rollup || local;","        // init lib","        local.local = local.npmtest_sails_swagger = local;","        // init exports","        if (local.modeJs === 'browser') {","            local.global.utility2_npmtest_sails_swagger = local;","        } else {","            module.exports = local;","            module.exports.__dirname = __dirname;","            module.exports.module = module;","        }","    }());","}());",""],"l":{"12":2,"14":2,"19":2,"21":2,"23":2,"24":2,"25":2,"30":1,"37":2,"41":2,"43":2,"45":2,"46":1,"48":1,"49":1,"50":1}},"/home/travis/build/npmtest/node-npmtest-sails-swagger/example.js":{"path":"/home/travis/build/npmtest/node-npmtest-sails-swagger/example.js","s":{"1":2,"2":2,"3":2,"4":2,"5":2,"6":2,"7":2,"8":1,"9":2,"10":2,"11":2,"12":2,"13":1,"14":2,"15":2,"16":2,"17":2,"18":2,"19":0,"20":2,"21":1,"22":1,"23":1,"24":1,"25":1,"26":0,"27":0,"28":1,"29":1,"30":2,"31":0,"32":0,"33":0,"34":1,"35":2,"36":2,"37":3,"38":3,"39":3,"40":3,"41":0,"42":3,"43":3,"44":3,"45":1,"46":3,"47":1,"48":1,"49":1,"50":1,"51":1,"52":1,"53":1,"54":1,"55":1,"56":1,"57":0,"58":1,"59":6,"60":6,"61":1,"62":2,"63":0,"64":2,"65":1,"66":1,"67":0,"68":0,"69":0,"70":0,"71":0,"72":0,"73":0,"74":0,"75":0,"76":0,"77":0,"78":0,"79":0,"80":0,"81":0,"82":0,"83":0},"b":{"1":[2,1,1,1],"2":[1,1,1,1],"3":[1,1],"4":[2,2],"5":[1,1],"6":[1,1],"7":[2,0],"8":[2,1,1,1,1,1],"9":[0,2,0],"10":[1,1],"11":[2,1,1],"12":[1,0],"13":[0,2],"14":[2,0,0,0,0,0,0],"15":[0,3],"16":[3,0],"17":[1,1],"18":[0,1],"19":[1,2,0,2],"20":[1,0],"21":[1,1],"22":[0,0],"23":[0,0],"24":[0,0],"25":[0,0],"26":[0,0],"27":[0,0],"28":[0,0]},"f":{"1":2,"2":2,"3":2,"4":2,"5":2,"6":2,"7":3,"8":3,"9":3,"10":1,"11":6,"12":0},"fnMap":{"1":{"name":"(anonymous_1)","line":26,"loc":{"start":{"line":26,"column":1},"end":{"line":26,"column":13}}},"2":{"name":"(anonymous_2)","line":33,"loc":{"start":{"line":33,"column":5},"end":{"line":33,"column":17}}},"3":{"name":"(anonymous_3)","line":37,"loc":{"start":{"line":37,"column":24},"end":{"line":37,"column":36}}},"4":{"name":"(anonymous_4)","line":69,"loc":{"start":{"line":69,"column":31},"end":{"line":69,"column":48}},"skip":true},"5":{"name":"(anonymous_5)","line":78,"loc":{"start":{"line":78,"column":26},"end":{"line":78,"column":45}},"skip":true},"6":{"name":"(anonymous_6)","line":123,"loc":{"start":{"line":123,"column":33},"end":{"line":123,"column":48}},"skip":true},"7":{"name":"(anonymous_7)","line":125,"loc":{"start":{"line":125,"column":27},"end":{"line":125,"column":39}},"skip":true},"8":{"name":"(anonymous_8)","line":133,"loc":{"start":{"line":133,"column":59},"end":{"line":133,"column":74}},"skip":true},"9":{"name":"(anonymous_9)","line":143,"loc":{"start":{"line":143,"column":45},"end":{"line":143,"column":62}},"skip":true},"10":{"name":"(anonymous_10)","line":144,"loc":{"start":{"line":144,"column":73},"end":{"line":144,"column":92}},"skip":true},"11":{"name":"(anonymous_11)","line":272,"loc":{"start":{"line":272,"column":51},"end":{"line":272,"column":77}},"skip":true},"12":{"name":"(anonymous_12)","line":315,"loc":{"start":{"line":315,"column":32},"end":{"line":315,"column":61}},"skip":true}},"statementMap":{"1":{"start":{"line":26,"column":0},"end":{"line":326,"column":5}},"2":{"start":{"line":28,"column":4},"end":{"line":28,"column":14}},"3":{"start":{"line":33,"column":4},"end":{"line":60,"column":9}},"4":{"start":{"line":35,"column":8},"end":{"line":35,"column":19}},"5":{"start":{"line":37,"column":8},"end":{"line":49,"column":13}},"6":{"start":{"line":38,"column":12},"end":{"line":48,"column":13}},"7":{"start":{"line":39,"column":16},"end":{"line":42,"column":30}},"8":{"start":{"line":44,"column":16},"end":{"line":47,"column":27}},"9":{"start":{"line":51,"column":8},"end":{"line":53,"column":21}},"10":{"start":{"line":55,"column":8},"end":{"line":57,"column":45}},"11":{"start":{"line":59,"column":8},"end":{"line":59,"column":35}},"12":{"start":{"line":61,"column":4},"end":{"line":325,"column":5}},"13":{"start":{"line":69,"column":8},"end":{"line":121,"column":10},"skip":true},"14":{"start":{"line":70,"column":12},"end":{"line":88,"column":13},"skip":true},"15":{"start":{"line":76,"column":16},"end":{"line":87,"column":19},"skip":true},"16":{"start":{"line":79,"column":20},"end":{"line":86,"column":21},"skip":true},"17":{"start":{"line":82,"column":24},"end":{"line":82,"column":43},"skip":true},"18":{"start":{"line":83,"column":24},"end":{"line":83,"column":30},"skip":true},"19":{"start":{"line":85,"column":24},"end":{"line":85,"column":49},"skip":true},"20":{"start":{"line":89,"column":12},"end":{"line":107,"column":13},"skip":true},"21":{"start":{"line":92,"column":16},"end":{"line":102,"column":17},"skip":true},"22":{"start":{"line":93,"column":20},"end":{"line":93,"column":86},"skip":true},"23":{"start":{"line":94,"column":20},"end":{"line":95,"column":45},"skip":true},"24":{"start":{"line":96,"column":20},"end":{"line":96,"column":42},"skip":true},"25":{"start":{"line":97,"column":20},"end":{"line":97,"column":48},"skip":true},"26":{"start":{"line":100,"column":20},"end":{"line":100,"column":85},"skip":true},"27":{"start":{"line":101,"column":20},"end":{"line":101,"column":96},"skip":true},"28":{"start":{"line":103,"column":16},"end":{"line":103,"column":22},"skip":true},"29":{"start":{"line":106,"column":16},"end":{"line":106,"column":22},"skip":true},"30":{"start":{"line":108,"column":12},"end":{"line":120,"column":13},"skip":true},"31":{"start":{"line":114,"column":16},"end":{"line":119,"column":17},"skip":true},"32":{"start":{"line":116,"column":20},"end":{"line":116,"column":78},"skip":true},"33":{"start":{"line":118,"column":20},"end":{"line":118,"column":47},"skip":true},"34":{"start":{"line":123,"column":8},"end":{"line":141,"column":11},"skip":true},"35":{"start":{"line":124,"column":12},"end":{"line":124,"column":54},"skip":true},"36":{"start":{"line":125,"column":12},"end":{"line":140,"column":14},"skip":true},"37":{"start":{"line":126,"column":16},"end":{"line":126,"column":28},"skip":true},"38":{"start":{"line":127,"column":16},"end":{"line":127,"column":69},"skip":true},"39":{"start":{"line":128,"column":16},"end":{"line":128,"column":75},"skip":true},"40":{"start":{"line":129,"column":16},"end":{"line":131,"column":17},"skip":true},"41":{"start":{"line":130,"column":20},"end":{"line":130,"column":27},"skip":true},"42":{"start":{"line":133,"column":16},"end":{"line":137,"column":36},"skip":true},"43":{"start":{"line":134,"column":20},"end":{"line":136,"column":55},"skip":true},"44":{"start":{"line":139,"column":16},"end":{"line":139,"column":57},"skip":true},"45":{"start":{"line":143,"column":8},"end":{"line":147,"column":11},"skip":true},"46":{"start":{"line":144,"column":12},"end":{"line":146,"column":15},"skip":true},"47":{"start":{"line":145,"column":16},"end":{"line":145,"column":70},"skip":true},"48":{"start":{"line":149,"column":8},"end":{"line":149,"column":31},"skip":true},"49":{"start":{"line":150,"column":8},"end":{"line":150,"column":14},"skip":true},"50":{"start":{"line":158,"column":8},"end":{"line":158,"column":31},"skip":true},"51":{"start":{"line":160,"column":8},"end":{"line":160,"column":33},"skip":true},"52":{"start":{"line":161,"column":8},"end":{"line":161,"column":37},"skip":true},"53":{"start":{"line":162,"column":8},"end":{"line":162,"column":35},"skip":true},"54":{"start":{"line":164,"column":8},"end":{"line":164,"column":50},"skip":true},"55":{"start":{"line":166,"column":8},"end":{"line":256,"column":2},"skip":true},"56":{"start":{"line":258,"column":8},"end":{"line":286,"column":9},"skip":true},"57":{"start":{"line":259,"column":12},"end":{"line":269,"column":14},"skip":true},"58":{"start":{"line":271,"column":12},"end":{"line":285,"column":19},"skip":true},"59":{"start":{"line":274,"column":20},"end":{"line":274,"column":35},"skip":true},"60":{"start":{"line":275,"column":20},"end":{"line":284,"column":21},"skip":true},"61":{"start":{"line":277,"column":24},"end":{"line":277,"column":64},"skip":true},"62":{"start":{"line":279,"column":24},"end":{"line":279,"column":40},"skip":true},"63":{"start":{"line":281,"column":24},"end":{"line":281,"column":40},"skip":true},"64":{"start":{"line":283,"column":24},"end":{"line":283,"column":39},"skip":true},"65":{"start":{"line":288,"column":8},"end":{"line":290,"column":9},"skip":true},"66":{"start":{"line":289,"column":12},"end":{"line":289,"column":18},"skip":true},"67":{"start":{"line":291,"column":8},"end":{"line":293,"column":54},"skip":true},"68":{"start":{"line":296,"column":8},"end":{"line":301,"column":37},"skip":true},"69":{"start":{"line":303,"column":8},"end":{"line":303,"column":82},"skip":true},"70":{"start":{"line":306,"column":8},"end":{"line":308,"column":9},"skip":true},"71":{"start":{"line":307,"column":12},"end":{"line":307,"column":82},"skip":true},"72":{"start":{"line":310,"column":8},"end":{"line":312,"column":9},"skip":true},"73":{"start":{"line":311,"column":12},"end":{"line":311,"column":18},"skip":true},"74":{"start":{"line":313,"column":8},"end":{"line":313,"column":54},"skip":true},"75":{"start":{"line":314,"column":8},"end":{"line":314,"column":69},"skip":true},"76":{"start":{"line":315,"column":8},"end":{"line":323,"column":36},"skip":true},"77":{"start":{"line":316,"column":12},"end":{"line":316,"column":61},"skip":true},"78":{"start":{"line":317,"column":12},"end":{"line":320,"column":13},"skip":true},"79":{"start":{"line":318,"column":16},"end":{"line":318,"column":75},"skip":true},"80":{"start":{"line":319,"column":16},"end":{"line":319,"column":23},"skip":true},"81":{"start":{"line":321,"column":12},"end":{"line":321,"column":38},"skip":true},"82":{"start":{"line":322,"column":12},"end":{"line":322,"column":27},"skip":true},"83":{"start":{"line":324,"column":8},"end":{"line":324,"column":14},"skip":true}},"branchMap":{"1":{"line":39,"type":"binary-expr","locations":[{"start":{"line":39,"column":23},"end":{"line":39,"column":62}},{"start":{"line":40,"column":20},"end":{"line":40,"column":70}},{"start":{"line":41,"column":20},"end":{"line":41,"column":71}},{"start":{"line":42,"column":20},"end":{"line":42,"column":29}}]},"2":{"line":44,"type":"binary-expr","locations":[{"start":{"line":44,"column":23},"end":{"line":44,"column":37}},{"start":{"line":45,"column":20},"end":{"line":45,"column":61}},{"start":{"line":46,"column":20},"end":{"line":46,"column":70}},{"start":{"line":47,"column":20},"end":{"line":47,"column":26}}]},"3":{"line":51,"type":"cond-expr","locations":[{"start":{"line":52,"column":14},"end":{"line":52,"column":20}},{"start":{"line":53,"column":14},"end":{"line":53,"column":20}}]},"4":{"line":55,"type":"binary-expr","locations":[{"start":{"line":55,"column":16},"end":{"line":55,"column":44}},{"start":{"line":55,"column":49},"end":{"line":57,"column":43}}]},"5":{"line":55,"type":"cond-expr","locations":[{"start":{"line":56,"column":14},"end":{"line":56,"column":57}},{"start":{"line":57,"column":14},"end":{"line":57,"column":43}}]},"6":{"line":61,"type":"switch","locations":[{"start":{"line":68,"column":4},"end":{"line":150,"column":14},"skip":true},{"start":{"line":156,"column":4},"end":{"line":324,"column":14},"skip":true}]},"7":{"line":70,"type":"if","locations":[{"start":{"line":70,"column":12},"end":{"line":70,"column":12},"skip":true},{"start":{"line":70,"column":12},"end":{"line":70,"column":12},"skip":true}]},"8":{"line":70,"type":"binary-expr","locations":[{"start":{"line":70,"column":16},"end":{"line":70,"column":22},"skip":true},{"start":{"line":70,"column":27},"end":{"line":70,"column":32},"skip":true},{"start":{"line":71,"column":20},"end":{"line":71,"column":39},"skip":true},{"start":{"line":72,"column":20},"end":{"line":72,"column":49},"skip":true},{"start":{"line":73,"column":20},"end":{"line":73,"column":58},"skip":true},{"start":{"line":74,"column":20},"end":{"line":74,"column":69},"skip":true}]},"9":{"line":79,"type":"switch","locations":[{"start":{"line":80,"column":20},"end":{"line":80,"column":33},"skip":true},{"start":{"line":81,"column":20},"end":{"line":83,"column":30},"skip":true},{"start":{"line":84,"column":20},"end":{"line":85,"column":49},"skip":true}]},"10":{"line":89,"type":"switch","locations":[{"start":{"line":90,"column":12},"end":{"line":103,"column":22},"skip":true},{"start":{"line":105,"column":12},"end":{"line":106,"column":22},"skip":true}]},"11":{"line":89,"type":"binary-expr","locations":[{"start":{"line":89,"column":20},"end":{"line":89,"column":25},"skip":true},{"start":{"line":89,"column":29},"end":{"line":89,"column":48},"skip":true},{"start":{"line":89,"column":52},"end":{"line":89,"column":74},"skip":true}]},"12":{"line":92,"type":"if","locations":[{"start":{"line":92,"column":16},"end":{"line":92,"column":16},"skip":true},{"start":{"line":92,"column":16},"end":{"line":92,"column":16},"skip":true}]},"13":{"line":108,"type":"if","locations":[{"start":{"line":108,"column":12},"end":{"line":108,"column":12},"skip":true},{"start":{"line":108,"column":12},"end":{"line":108,"column":12},"skip":true}]},"14":{"line":108,"type":"binary-expr","locations":[{"start":{"line":108,"column":16},"end":{"line":108,"column":61},"skip":true},{"start":{"line":108,"column":66},"end":{"line":108,"column":72},"skip":true},{"start":{"line":108,"column":77},"end":{"line":108,"column":82},"skip":true},{"start":{"line":109,"column":20},"end":{"line":109,"column":39},"skip":true},{"start":{"line":110,"column":20},"end":{"line":110,"column":49},"skip":true},{"start":{"line":111,"column":20},"end":{"line":111,"column":58},"skip":true},{"start":{"line":112,"column":20},"end":{"line":112,"column":68},"skip":true}]},"15":{"line":129,"type":"if","locations":[{"start":{"line":129,"column":16},"end":{"line":129,"column":16},"skip":true},{"start":{"line":129,"column":16},"end":{"line":129,"column":16},"skip":true}]},"16":{"line":134,"type":"cond-expr","locations":[{"start":{"line":135,"column":26},"end":{"line":135,"column":29},"skip":true},{"start":{"line":136,"column":26},"end":{"line":136,"column":54},"skip":true}]},"17":{"line":164,"type":"binary-expr","locations":[{"start":{"line":164,"column":27},"end":{"line":164,"column":43},"skip":true},{"start":{"line":164,"column":47},"end":{"line":164,"column":49},"skip":true}]},"18":{"line":258,"type":"if","locations":[{"start":{"line":258,"column":8},"end":{"line":258,"column":8},"skip":true},{"start":{"line":258,"column":8},"end":{"line":258,"column":8},"skip":true}]},"19":{"line":275,"type":"switch","locations":[{"start":{"line":276,"column":20},"end":{"line":277,"column":64},"skip":true},{"start":{"line":278,"column":20},"end":{"line":279,"column":40},"skip":true},{"start":{"line":280,"column":20},"end":{"line":281,"column":40},"skip":true},{"start":{"line":282,"column":20},"end":{"line":283,"column":39},"skip":true}]},"20":{"line":288,"type":"if","locations":[{"start":{"line":288,"column":8},"end":{"line":288,"column":8},"skip":true},{"start":{"line":288,"column":8},"end":{"line":288,"column":8},"skip":true}]},"21":{"line":288,"type":"binary-expr","locations":[{"start":{"line":288,"column":12},"end":{"line":288,"column":40},"skip":true},{"start":{"line":288,"column":44},"end":{"line":288,"column":67},"skip":true}]},"22":{"line":292,"type":"binary-expr","locations":[{"start":{"line":292,"column":12},"end":{"line":292,"column":50},"skip":true},{"start":{"line":293,"column":12},"end":{"line":293,"column":53},"skip":true}]},"23":{"line":297,"type":"binary-expr","locations":[{"start":{"line":297,"column":12},"end":{"line":297,"column":71},"skip":true},{"start":{"line":298,"column":12},"end":{"line":301,"column":36},"skip":true}]},"24":{"line":303,"type":"binary-expr","locations":[{"start":{"line":303,"column":43},"end":{"line":303,"column":75},"skip":true},{"start":{"line":303,"column":79},"end":{"line":303,"column":81},"skip":true}]},"25":{"line":306,"type":"if","locations":[{"start":{"line":306,"column":8},"end":{"line":306,"column":8},"skip":true},{"start":{"line":306,"column":8},"end":{"line":306,"column":8},"skip":true}]},"26":{"line":310,"type":"if","locations":[{"start":{"line":310,"column":8},"end":{"line":310,"column":8},"skip":true},{"start":{"line":310,"column":8},"end":{"line":310,"column":8},"skip":true}]},"27":{"line":313,"type":"binary-expr","locations":[{"start":{"line":313,"column":27},"end":{"line":313,"column":43},"skip":true},{"start":{"line":313,"column":47},"end":{"line":313,"column":53},"skip":true}]},"28":{"line":317,"type":"if","locations":[{"start":{"line":317,"column":12},"end":{"line":317,"column":12},"skip":true},{"start":{"line":317,"column":12},"end":{"line":317,"column":12},"skip":true}]}},"code":["/*","example.js","","quickstart example","","instruction","    1. save this script as example.js","    2. run the shell command:","        $ npm install npmtest-sails-swagger && PORT=8081 node example.js","    3. play with the browser-demo on http://127.0.0.1:8081","*/","","","","/* istanbul instrument in package npmtest_sails_swagger */","/*jslint","    bitwise: true,","    browser: true,","    maxerr: 8,","    maxlen: 96,","    node: true,","    nomen: true,","    regexp: true,","    stupid: true","*/","(function () {","    'use strict';","    var local;","","","","    // run shared js-env code - init-before","    (function () {","        // init local","        local = {};","        // init modeJs","        local.modeJs = (function () {","            try {","                return typeof navigator.userAgent === 'string' &&","                    typeof document.querySelector('body') === 'object' &&","                    typeof XMLHttpRequest.prototype.open === 'function' &&","                    'browser';","            } catch (errorCaughtBrowser) {","                return module.exports &&","                    typeof process.versions.node === 'string' &&","                    typeof require('http').createServer === 'function' &&","                    'node';","            }","        }());","        // init global","        local.global = local.modeJs === 'browser'","            ? window","            : global;","        // init utility2_rollup","        local = local.global.utility2_rollup || (local.modeJs === 'browser'","            ? local.global.utility2_npmtest_sails_swagger","            : global.utility2_moduleExports);","        // export local","        local.global.local = local;","    }());","    switch (local.modeJs) {","","","","    // init-after","    // run browser js-env code - init-after","    /* istanbul ignore next */","    case 'browser':","        local.testRunBrowser = function (event) {","            if (!event || (event &&","                    event.currentTarget &&","                    event.currentTarget.className &&","                    event.currentTarget.className.includes &&","                    event.currentTarget.className.includes('onreset'))) {","                // reset output","                Array.from(","                    document.querySelectorAll('body > .resettable')","                ).forEach(function (element) {","                    switch (element.tagName) {","                    case 'INPUT':","                    case 'TEXTAREA':","                        element.value = '';","                        break;","                    default:","                        element.textContent = '';","                    }","                });","            }","            switch (event && event.currentTarget && event.currentTarget.id) {","            case 'testRunButton1':","                // show tests","                if (document.querySelector('#testReportDiv1').style.display === 'none') {","                    document.querySelector('#testReportDiv1').style.display = 'block';","                    document.querySelector('#testRunButton1').textContent =","                        'hide internal test';","                    local.modeTest = true;","                    local.testRunDefault(local);","                // hide tests","                } else {","                    document.querySelector('#testReportDiv1').style.display = 'none';","                    document.querySelector('#testRunButton1').textContent = 'run internal test';","                }","                break;","            // custom-case","            default:","                break;","            }","            if (document.querySelector('#inputTextareaEval1') && (!event || (event &&","                    event.currentTarget &&","                    event.currentTarget.className &&","                    event.currentTarget.className.includes &&","                    event.currentTarget.className.includes('oneval')))) {","                // try to eval input-code","                try {","                    /*jslint evil: true*/","                    eval(document.querySelector('#inputTextareaEval1').value);","                } catch (errorCaught) {","                    console.error(errorCaught);","                }","            }","        };","        // log stderr and stdout to #outputTextareaStdout1","        ['error', 'log'].forEach(function (key) {","            console[key + '_original'] = console[key];","            console[key] = function () {","                var element;","                console[key + '_original'].apply(console, arguments);","                element = document.querySelector('#outputTextareaStdout1');","                if (!element) {","                    return;","                }","                // append text to #outputTextareaStdout1","                element.value += Array.from(arguments).map(function (arg) {","                    return typeof arg === 'string'","                        ? arg","                        : JSON.stringify(arg, null, 4);","                }).join(' ') + '\\n';","                // scroll textarea to bottom","                element.scrollTop = element.scrollHeight;","            };","        });","        // init event-handling","        ['change', 'click', 'keyup'].forEach(function (event) {","            Array.from(document.querySelectorAll('.on' + event)).forEach(function (element) {","                element.addEventListener(event, local.testRunBrowser);","            });","        });","        // run tests","        local.testRunBrowser();","        break;","","","","    // run node js-env code - init-after","    /* istanbul ignore next */","    case 'node':","        // export local","        module.exports = local;","        // require modules","        local.fs = require('fs');","        local.http = require('http');","        local.url = require('url');","        // init assets","        local.assetsDict = local.assetsDict || {};","        /* jslint-ignore-begin */","        local.assetsDict['/assets.index.template.html'] = '\\","<!doctype html>\\n\\","<html lang=\"en\">\\n\\","<head>\\n\\","<meta charset=\"UTF-8\">\\n\\","<meta name=\"viewport\" content=\"width=device-width, initial-scale=1\">\\n\\","<title>{{env.npm_package_name}} (v{{env.npm_package_version}})</title>\\n\\","<style>\\n\\","/*csslint\\n\\","    box-sizing: false,\\n\\","    universal-selector: false\\n\\","*/\\n\\","* {\\n\\","    box-sizing: border-box;\\n\\","}\\n\\","body {\\n\\","    background: #dde;\\n\\","    font-family: Arial, Helvetica, sans-serif;\\n\\","    margin: 2rem;\\n\\","}\\n\\","body > * {\\n\\","    margin-bottom: 1rem;\\n\\","}\\n\\",".utility2FooterDiv {\\n\\","    margin-top: 20px;\\n\\","    text-align: center;\\n\\","}\\n\\","</style>\\n\\","<style>\\n\\","/*csslint\\n\\","*/\\n\\","textarea {\\n\\","    font-family: monospace;\\n\\","    height: 10rem;\\n\\","    width: 100%;\\n\\","}\\n\\","textarea[readonly] {\\n\\","    background: #ddd;\\n\\","}\\n\\","</style>\\n\\","</head>\\n\\","<body>\\n\\","<!-- utility2-comment\\n\\","<div id=\"ajaxProgressDiv1\" style=\"background: #d00; height: 2px; left: 0; margin: 0; padding: 0; position: fixed; top: 0; transition: background 0.5s, width 1.5s; width: 25%;\"></div>\\n\\","utility2-comment -->\\n\\","<h1>\\n\\","<!-- utility2-comment\\n\\","    <a\\n\\","        {{#if env.npm_package_homepage}}\\n\\","        href=\"{{env.npm_package_homepage}}\"\\n\\","        {{/if env.npm_package_homepage}}\\n\\","        target=\"_blank\"\\n\\","    >\\n\\","utility2-comment -->\\n\\","        {{env.npm_package_name}} (v{{env.npm_package_version}})\\n\\","<!-- utility2-comment\\n\\","    </a>\\n\\","utility2-comment -->\\n\\","</h1>\\n\\","<h3>{{env.npm_package_description}}</h3>\\n\\","<!-- utility2-comment\\n\\","<h4><a download href=\"assets.app.js\">download standalone app</a></h4>\\n\\","<button class=\"onclick onreset\" id=\"testRunButton1\">run internal test</button><br>\\n\\","<div id=\"testReportDiv1\" style=\"display: none;\"></div>\\n\\","utility2-comment -->\\n\\","\\n\\","\\n\\","\\n\\","<label>stderr and stdout</label>\\n\\","<textarea class=\"resettable\" id=\"outputTextareaStdout1\" readonly></textarea>\\n\\","<!-- utility2-comment\\n\\","{{#if isRollup}}\\n\\","<script src=\"assets.app.js\"></script>\\n\\","{{#unless isRollup}}\\n\\","utility2-comment -->\\n\\","<script src=\"assets.utility2.rollup.js\"></script>\\n\\","<script src=\"jsonp.utility2._stateInit?callback=window.utility2._stateInit\"></script>\\n\\","<script src=\"assets.npmtest_sails_swagger.rollup.js\"></script>\\n\\","<script src=\"assets.example.js\"></script>\\n\\","<script src=\"assets.test.js\"></script>\\n\\","<!-- utility2-comment\\n\\","{{/if isRollup}}\\n\\","utility2-comment -->\\n\\","<div class=\"utility2FooterDiv\">\\n\\","    [ this app was created with\\n\\","    <a href=\"https://github.com/kaizhu256/node-utility2\" target=\"_blank\">utility2</a>\\n\\","    ]\\n\\","</div>\\n\\","</body>\\n\\","</html>\\n\\","';","        /* jslint-ignore-end */","        if (local.templateRender) {","            local.assetsDict['/'] = local.templateRender(","                local.assetsDict['/assets.index.template.html'],","                {","                    env: local.objectSetDefault(local.env, {","                        npm_package_description: 'the greatest app in the world!',","                        npm_package_name: 'my-app',","                        npm_package_nameAlias: 'my_app',","                        npm_package_version: '0.0.1'","                    })","                }","            );","        } else {","            local.assetsDict['/'] = local.assetsDict['/assets.index.template.html']","                .replace((/\\{\\{env\\.(\\w+?)\\}\\}/g), function (match0, match1) {","                    // jslint-hack","                    String(match0);","                    switch (match1) {","                    case 'npm_package_description':","                        return 'the greatest app in the world!';","                    case 'npm_package_name':","                        return 'my-app';","                    case 'npm_package_nameAlias':","                        return 'my_app';","                    case 'npm_package_version':","                        return '0.0.1';","                    }","                });","        }","        // run the cli","        if (local.global.utility2_rollup || module !== require.main) {","            break;","        }","        local.assetsDict['/assets.example.js'] =","            local.assetsDict['/assets.example.js'] ||","            local.fs.readFileSync(__filename, 'utf8');","        // bug-workaround - long $npm_package_buildCustomOrg","        /* jslint-ignore-begin */","        local.assetsDict['/assets.npmtest_sails_swagger.rollup.js'] =","            local.assetsDict['/assets.npmtest_sails_swagger.rollup.js'] ||","            local.fs.readFileSync(","                local.npmtest_sails_swagger.__dirname + '/lib.npmtest_sails_swagger.js',","                'utf8'","            ).replace((/^#!/), '//');","        /* jslint-ignore-end */","        local.assetsDict['/favicon.ico'] = local.assetsDict['/favicon.ico'] || '';","        // if $npm_config_timeout_exit exists,","        // then exit this process after $npm_config_timeout_exit ms","        if (Number(process.env.npm_config_timeout_exit)) {","            setTimeout(process.exit, Number(process.env.npm_config_timeout_exit));","        }","        // start server","        if (local.global.utility2_serverHttp1) {","            break;","        }","        process.env.PORT = process.env.PORT || '8081';","        console.error('server starting on port ' + process.env.PORT);","        local.http.createServer(function (request, response) {","            request.urlParsed = local.url.parse(request.url);","            if (local.assetsDict[request.urlParsed.pathname] !== undefined) {","                response.end(local.assetsDict[request.urlParsed.pathname]);","                return;","            }","            response.statusCode = 404;","            response.end();","        }).listen(process.env.PORT);","        break;","    }","}());",""],"l":{"26":2,"28":2,"33":2,"35":2,"37":2,"38":2,"39":2,"44":1,"51":2,"55":2,"59":2,"61":2,"69":1,"70":2,"76":2,"79":2,"82":2,"83":2,"85":1,"89":2,"92":1,"93":1,"94":1,"96":1,"97":1,"100":1,"101":1,"103":1,"106":1,"108":2,"114":1,"116":1,"118":1,"123":1,"124":2,"125":2,"126":3,"127":3,"128":3,"129":3,"130":1,"133":3,"134":3,"139":3,"143":1,"144":3,"145":1,"149":1,"150":1,"158":1,"160":1,"161":1,"162":1,"164":1,"166":1,"258":1,"259":1,"271":1,"274":6,"275":6,"277":1,"279":2,"281":1,"283":2,"288":1,"289":1,"291":1,"296":1,"303":1,"306":1,"307":1,"310":1,"311":1,"313":1,"314":1,"315":1,"316":1,"317":1,"318":1,"319":1,"321":1,"322":1,"324":1}},"/home/travis/build/npmtest/node-npmtest-sails-swagger/node_modules/sails-swagger/dist/api/hooks/swagger/index.js":{"path":"/home/travis/build/npmtest/node-npmtest-sails-swagger/node_modules/sails-swagger/dist/api/hooks/swagger/index.js","s":{"1":1,"2":1,"3":1,"4":1,"5":1,"6":1,"7":1,"8":1,"9":1,"10":1,"11":1,"12":1,"13":1,"14":1,"15":0,"16":1,"17":1,"18":0,"19":0,"20":0,"21":0,"22":0,"23":0,"24":0,"25":0,"26":0,"27":0,"28":0,"29":0,"30":0,"31":0,"32":0,"33":0,"34":0,"35":0,"36":0,"37":0,"38":0,"39":0,"40":0,"41":0,"42":1,"43":4,"44":1,"45":0,"46":0,"47":1,"48":1,"49":0,"50":1,"51":1,"52":1,"53":1,"54":1,"55":1,"56":1,"57":1,"58":1,"59":1,"60":1,"61":1,"62":1,"63":1,"64":0,"65":0,"66":1,"67":0,"68":0,"69":0,"70":0,"71":0,"72":1,"73":1,"74":1},"b":{"1":[1,1],"2":[1,0],"3":[1,0],"4":[0,1],"5":[0,0],"6":[0,0],"7":[0,0],"8":[0,0],"9":[0,0],"10":[0,4],"11":[4,4],"12":[0,0],"13":[0,1],"14":[1,0],"15":[1,1],"16":[1,0],"17":[1,0]},"f":{"1":1,"2":1,"3":1,"4":0,"5":4,"6":0,"7":1,"8":1,"9":0,"10":0,"11":0},"fnMap":{"1":{"name":"(anonymous_1)","line":7,"loc":{"start":{"line":7,"column":20},"end":{"line":7,"column":32}}},"2":{"name":"defineProperties","line":7,"loc":{"start":{"line":7,"column":34},"end":{"line":7,"column":75}}},"3":{"name":"(anonymous_3)","line":7,"loc":{"start":{"line":7,"column":358},"end":{"line":7,"column":406}}},"4":{"name":"get","line":9,"loc":{"start":{"line":9,"column":11},"end":{"line":9,"column":38}}},"5":{"name":"_interopRequireDefault","line":11,"loc":{"start":{"line":11,"column":0},"end":{"line":11,"column":37}}},"6":{"name":"_classCallCheck","line":13,"loc":{"start":{"line":13,"column":0},"end":{"line":13,"column":48}}},"7":{"name":"_inherits","line":15,"loc":{"start":{"line":15,"column":0},"end":{"line":15,"column":41}}},"8":{"name":"(anonymous_8)","line":33,"loc":{"start":{"line":33,"column":15},"end":{"line":33,"column":39}}},"9":{"name":"Swagger","line":36,"loc":{"start":{"line":36,"column":2},"end":{"line":36,"column":26}}},"10":{"name":"initialize","line":44,"loc":{"start":{"line":44,"column":11},"end":{"line":44,"column":37}}},"11":{"name":"(anonymous_11)","line":48,"loc":{"start":{"line":48,"column":33},"end":{"line":48,"column":45}}}},"statementMap":{"1":{"start":{"line":3,"column":0},"end":{"line":5,"column":3}},"2":{"start":{"line":7,"column":0},"end":{"line":7,"column":566}},"3":{"start":{"line":7,"column":34},"end":{"line":7,"column":350}},"4":{"start":{"line":7,"column":77},"end":{"line":7,"column":348}},"5":{"start":{"line":7,"column":118},"end":{"line":7,"column":144}},"6":{"start":{"line":7,"column":145},"end":{"line":7,"column":200}},"7":{"start":{"line":7,"column":201},"end":{"line":7,"column":232}},"8":{"start":{"line":7,"column":233},"end":{"line":7,"column":287}},"9":{"start":{"line":7,"column":260},"end":{"line":7,"column":287}},"10":{"start":{"line":7,"column":288},"end":{"line":7,"column":346}},"11":{"start":{"line":7,"column":351},"end":{"line":7,"column":560}},"12":{"start":{"line":7,"column":408},"end":{"line":7,"column":476}},"13":{"start":{"line":7,"column":424},"end":{"line":7,"column":476}},"14":{"start":{"line":7,"column":477},"end":{"line":7,"column":537}},"15":{"start":{"line":7,"column":494},"end":{"line":7,"column":537}},"16":{"start":{"line":7,"column":538},"end":{"line":7,"column":557}},"17":{"start":{"line":9,"column":0},"end":{"line":9,"column":667}},"18":{"start":{"line":9,"column":40},"end":{"line":9,"column":58}},"19":{"start":{"line":9,"column":59},"end":{"line":9,"column":664}},"20":{"start":{"line":9,"column":70},"end":{"line":9,"column":664}},"21":{"start":{"line":9,"column":87},"end":{"line":9,"column":135}},"22":{"start":{"line":9,"column":136},"end":{"line":9,"column":171}},"23":{"start":{"line":9,"column":172},"end":{"line":9,"column":187}},"24":{"start":{"line":9,"column":188},"end":{"line":9,"column":237}},"25":{"start":{"line":9,"column":209},"end":{"line":9,"column":237}},"26":{"start":{"line":9,"column":238},"end":{"line":9,"column":299}},"27":{"start":{"line":9,"column":300},"end":{"line":9,"column":662}},"28":{"start":{"line":9,"column":326},"end":{"line":9,"column":369}},"29":{"start":{"line":9,"column":370},"end":{"line":9,"column":501}},"30":{"start":{"line":9,"column":393},"end":{"line":9,"column":410}},"31":{"start":{"line":9,"column":420},"end":{"line":9,"column":432}},"32":{"start":{"line":9,"column":433},"end":{"line":9,"column":448}},"33":{"start":{"line":9,"column":449},"end":{"line":9,"column":464}},"34":{"start":{"line":9,"column":465},"end":{"line":9,"column":479}},"35":{"start":{"line":9,"column":480},"end":{"line":9,"column":499}},"36":{"start":{"line":9,"column":509},"end":{"line":9,"column":662}},"37":{"start":{"line":9,"column":532},"end":{"line":9,"column":550}},"38":{"start":{"line":9,"column":560},"end":{"line":9,"column":582}},"39":{"start":{"line":9,"column":583},"end":{"line":9,"column":630}},"40":{"start":{"line":9,"column":611},"end":{"line":9,"column":628}},"41":{"start":{"line":9,"column":631},"end":{"line":9,"column":660}},"42":{"start":{"line":11,"column":0},"end":{"line":11,"column":97}},"43":{"start":{"line":11,"column":39},"end":{"line":11,"column":95}},"44":{"start":{"line":13,"column":0},"end":{"line":13,"column":153}},"45":{"start":{"line":13,"column":50},"end":{"line":13,"column":151}},"46":{"start":{"line":13,"column":92},"end":{"line":13,"column":149}},"47":{"start":{"line":15,"column":0},"end":{"line":15,"column":494}},"48":{"start":{"line":15,"column":43},"end":{"line":15,"column":208}},"49":{"start":{"line":15,"column":106},"end":{"line":15,"column":206}},"50":{"start":{"line":15,"column":209},"end":{"line":15,"column":373}},"51":{"start":{"line":15,"column":374},"end":{"line":15,"column":492}},"52":{"start":{"line":15,"column":390},"end":{"line":15,"column":492}},"53":{"start":{"line":17,"column":0},"end":{"line":17,"column":28}},"54":{"start":{"line":19,"column":0},"end":{"line":19,"column":43}},"55":{"start":{"line":21,"column":0},"end":{"line":21,"column":32}},"56":{"start":{"line":23,"column":0},"end":{"line":23,"column":47}},"57":{"start":{"line":25,"column":0},"end":{"line":25,"column":42}},"58":{"start":{"line":27,"column":0},"end":{"line":27,"column":57}},"59":{"start":{"line":29,"column":0},"end":{"line":29,"column":44}},"60":{"start":{"line":31,"column":0},"end":{"line":31,"column":49}},"61":{"start":{"line":33,"column":0},"end":{"line":57,"column":29}},"62":{"start":{"line":34,"column":2},"end":{"line":34,"column":35}},"63":{"start":{"line":36,"column":2},"end":{"line":40,"column":3}},"64":{"start":{"line":37,"column":4},"end":{"line":37,"column":35}},"65":{"start":{"line":39,"column":4},"end":{"line":39,"column":98}},"66":{"start":{"line":42,"column":2},"end":{"line":54,"column":6}},"67":{"start":{"line":45,"column":6},"end":{"line":45,"column":23}},"68":{"start":{"line":47,"column":6},"end":{"line":47,"column":42}},"69":{"start":{"line":48,"column":6},"end":{"line":50,"column":9}},"70":{"start":{"line":49,"column":8},"end":{"line":49,"column":96}},"71":{"start":{"line":52,"column":6},"end":{"line":52,"column":13}},"72":{"start":{"line":56,"column":2},"end":{"line":56,"column":17}},"73":{"start":{"line":59,"column":0},"end":{"line":59,"column":71}},"74":{"start":{"line":60,"column":0},"end":{"line":60,"column":36}}},"branchMap":{"1":{"line":7,"type":"binary-expr","locations":[{"start":{"line":7,"column":169},"end":{"line":7,"column":190}},{"start":{"line":7,"column":194},"end":{"line":7,"column":199}}]},"2":{"line":7,"type":"if","locations":[{"start":{"line":7,"column":233},"end":{"line":7,"column":233}},{"start":{"line":7,"column":233},"end":{"line":7,"column":233}}]},"3":{"line":7,"type":"if","locations":[{"start":{"line":7,"column":408},"end":{"line":7,"column":408}},{"start":{"line":7,"column":408},"end":{"line":7,"column":408}}]},"4":{"line":7,"type":"if","locations":[{"start":{"line":7,"column":477},"end":{"line":7,"column":477}},{"start":{"line":7,"column":477},"end":{"line":7,"column":477}}]},"5":{"line":9,"type":"if","locations":[{"start":{"line":9,"column":188},"end":{"line":9,"column":188}},{"start":{"line":9,"column":188},"end":{"line":9,"column":188}}]},"6":{"line":9,"type":"if","locations":[{"start":{"line":9,"column":300},"end":{"line":9,"column":300}},{"start":{"line":9,"column":300},"end":{"line":9,"column":300}}]},"7":{"line":9,"type":"if","locations":[{"start":{"line":9,"column":370},"end":{"line":9,"column":370}},{"start":{"line":9,"column":370},"end":{"line":9,"column":370}}]},"8":{"line":9,"type":"if","locations":[{"start":{"line":9,"column":509},"end":{"line":9,"column":509}},{"start":{"line":9,"column":509},"end":{"line":9,"column":509}}]},"9":{"line":9,"type":"if","locations":[{"start":{"line":9,"column":583},"end":{"line":9,"column":583}},{"start":{"line":9,"column":583},"end":{"line":9,"column":583}}]},"10":{"line":11,"type":"cond-expr","locations":[{"start":{"line":11,"column":70},"end":{"line":11,"column":73}},{"start":{"line":11,"column":76},"end":{"line":11,"column":94}}]},"11":{"line":11,"type":"binary-expr","locations":[{"start":{"line":11,"column":46},"end":{"line":11,"column":49}},{"start":{"line":11,"column":53},"end":{"line":11,"column":67}}]},"12":{"line":13,"type":"if","locations":[{"start":{"line":13,"column":50},"end":{"line":13,"column":50}},{"start":{"line":13,"column":50},"end":{"line":13,"column":50}}]},"13":{"line":15,"type":"if","locations":[{"start":{"line":15,"column":43},"end":{"line":15,"column":43}},{"start":{"line":15,"column":43},"end":{"line":15,"column":43}}]},"14":{"line":15,"type":"binary-expr","locations":[{"start":{"line":15,"column":47},"end":{"line":15,"column":79}},{"start":{"line":15,"column":83},"end":{"line":15,"column":102}}]},"15":{"line":15,"type":"binary-expr","locations":[{"start":{"line":15,"column":244},"end":{"line":15,"column":254}},{"start":{"line":15,"column":258},"end":{"line":15,"column":278}}]},"16":{"line":15,"type":"if","locations":[{"start":{"line":15,"column":374},"end":{"line":15,"column":374}},{"start":{"line":15,"column":374},"end":{"line":15,"column":374}}]},"17":{"line":15,"type":"cond-expr","locations":[{"start":{"line":15,"column":414},"end":{"line":15,"column":457}},{"start":{"line":15,"column":460},"end":{"line":15,"column":491}}]}},"code":["'use strict';","","Object.defineProperty(exports, '__esModule', {","  value: true","});","","var _createClass = (function () { function defineProperties(target, props) { for (var i = 0; i < props.length; i++) { var descriptor = props[i]; descriptor.enumerable = descriptor.enumerable || false; descriptor.configurable = true; if ('value' in descriptor) descriptor.writable = true; Object.defineProperty(target, descriptor.key, descriptor); } } return function (Constructor, protoProps, staticProps) { if (protoProps) defineProperties(Constructor.prototype, protoProps); if (staticProps) defineProperties(Constructor, staticProps); return Constructor; }; })();","","var _get = function get(_x, _x2, _x3) { var _again = true; _function: while (_again) { var object = _x, property = _x2, receiver = _x3; desc = parent = getter = undefined; _again = false; if (object === null) object = Function.prototype; var desc = Object.getOwnPropertyDescriptor(object, property); if (desc === undefined) { var parent = Object.getPrototypeOf(object); if (parent === null) { return undefined; } else { _x = parent; _x2 = property; _x3 = receiver; _again = true; continue _function; } } else if ('value' in desc) { return desc.value; } else { var getter = desc.get; if (getter === undefined) { return undefined; } return getter.call(receiver); } } };","","function _interopRequireDefault(obj) { return obj && obj.__esModule ? obj : { 'default': obj }; }","","function _classCallCheck(instance, Constructor) { if (!(instance instanceof Constructor)) { throw new TypeError('Cannot call a class as a function'); } }","","function _inherits(subClass, superClass) { if (typeof superClass !== 'function' && superClass !== null) { throw new TypeError('Super expression must either be null or a function, not ' + typeof superClass); } subClass.prototype = Object.create(superClass && superClass.prototype, { constructor: { value: subClass, enumerable: false, writable: true, configurable: true } }); if (superClass) Object.setPrototypeOf ? Object.setPrototypeOf(subClass, superClass) : subClass.__proto__ = superClass; }","","var _path = require('path');","","var _path2 = _interopRequireDefault(_path);","","var _lodash = require('lodash');","","var _lodash2 = _interopRequireDefault(_lodash);","","var _marlinspike = require('marlinspike');","","var _marlinspike2 = _interopRequireDefault(_marlinspike);","","var _libXfmr = require('../../../lib/xfmr');","","var _libXfmr2 = _interopRequireDefault(_libXfmr);","","var Swagger = (function (_Marlinspike) {","  _inherits(Swagger, _Marlinspike);","","  function Swagger(sails) {","    _classCallCheck(this, Swagger);","","    _get(Object.getPrototypeOf(Swagger.prototype), 'constructor', this).call(this, sails, module);","  }","","  _createClass(Swagger, [{","    key: 'initialize',","    value: function initialize(next) {","      var _this = this;","","      var hook = this.sails.hooks.swagger;","      this.sails.after('lifted', function () {","        hook.doc = _libXfmr2['default'].getSwagger(_this.sails, _this.sails.config.swagger.pkg);","      });","","      next();","    }","  }]);","","  return Swagger;","})(_marlinspike2['default']);","","exports['default'] = _marlinspike2['default'].createSailsHook(Swagger);","module.exports = exports['default'];"],"l":{"3":1,"7":1,"9":1,"11":4,"13":1,"15":1,"17":1,"19":1,"21":1,"23":1,"25":1,"27":1,"29":1,"31":1,"33":1,"34":1,"36":1,"37":0,"39":0,"42":1,"45":0,"47":0,"48":0,"49":0,"52":0,"56":1,"59":1,"60":1}},"/home/travis/build/npmtest/node-npmtest-sails-swagger/node_modules/sails-swagger/dist/lib/xfmr.js":{"path":"/home/travis/build/npmtest/node-npmtest-sails-swagger/node_modules/sails-swagger/dist/lib/xfmr.js","s":{"1":1,"2":1,"3":1,"4":0,"5":0,"6":0,"7":0,"8":0,"9":0,"10":0,"11":0,"12":0,"13":0,"14":0,"15":0,"16":0,"17":0,"18":0,"19":0,"20":0,"21":1,"22":0,"23":0,"24":0,"25":0,"26":0,"27":1,"28":3,"29":1,"30":1,"31":1,"32":1,"33":1,"34":1,"35":1,"36":1,"37":0,"38":0,"39":0,"40":0,"41":0,"42":0,"43":0,"44":0,"45":0,"46":0,"47":0,"48":0,"49":0,"50":0,"51":0,"52":0,"53":0,"54":0,"55":0,"56":0,"57":0,"58":0,"59":0,"60":0,"61":0,"62":0,"63":0,"64":0,"65":0,"66":0,"67":0,"68":0,"69":0,"70":0,"71":0,"72":0,"73":0,"74":0,"75":0,"76":0,"77":0,"78":0,"79":0,"80":0,"81":0,"82":0,"83":0,"84":0,"85":0,"86":0,"87":0,"88":0,"89":0,"90":0,"91":0,"92":0,"93":0,"94":0,"95":0,"96":0,"97":0,"98":0,"99":0,"100":0,"101":0,"102":0,"103":0,"104":1,"105":1},"b":{"1":[0,0],"2":[0,0],"3":[0,0],"4":[0,0],"5":[0,0],"6":[0,0],"7":[0,0],"8":[0,3],"9":[3,3],"10":[0,0],"11":[0,0],"12":[0,0],"13":[0,0],"14":[0,0],"15":[0,0,0],"16":[0,0],"17":[0,0],"18":[0,0]},"f":{"1":1,"2":0,"3":0,"4":3,"5":0,"6":0,"7":0,"8":0,"9":0,"10":0,"11":0,"12":0,"13":0,"14":0,"15":0,"16":0,"17":0,"18":0,"19":0,"20":0,"21":0,"22":0,"23":0,"24":0,"25":0,"26":0,"27":0,"28":0},"fnMap":{"1":{"name":"(anonymous_1)","line":7,"loc":{"start":{"line":7,"column":22},"end":{"line":7,"column":34}}},"2":{"name":"sliceIterator","line":7,"loc":{"start":{"line":7,"column":36},"end":{"line":7,"column":67}}},"3":{"name":"(anonymous_3)","line":7,"loc":{"start":{"line":7,"column":437},"end":{"line":7,"column":455}}},"4":{"name":"_interopRequireDefault","line":9,"loc":{"start":{"line":9,"column":0},"end":{"line":9,"column":37}}},"5":{"name":"getSwagger","line":35,"loc":{"start":{"line":35,"column":14},"end":{"line":35,"column":46}}},"6":{"name":"getInfo","line":50,"loc":{"start":{"line":50,"column":11},"end":{"line":50,"column":33}}},"7":{"name":"getTags","line":66,"loc":{"start":{"line":66,"column":11},"end":{"line":66,"column":35}}},"8":{"name":"(anonymous_8)","line":67,"loc":{"start":{"line":67,"column":93},"end":{"line":67,"column":112}}},"9":{"name":"getDefinitions","line":78,"loc":{"start":{"line":78,"column":18},"end":{"line":78,"column":49}}},"10":{"name":"(anonymous_10)","line":79,"loc":{"start":{"line":79,"column":66},"end":{"line":79,"column":107}}},"11":{"name":"getDefinitionProperties","line":90,"loc":{"start":{"line":90,"column":27},"end":{"line":90,"column":72}}},"12":{"name":"(anonymous_12)","line":91,"loc":{"start":{"line":91,"column":53},"end":{"line":91,"column":78}}},"13":{"name":"getPaths","line":104,"loc":{"start":{"line":104,"column":12},"end":{"line":104,"column":37}}},"14":{"name":"(anonymous_14)","line":106,"loc":{"start":{"line":106,"column":81},"end":{"line":106,"column":98}}},"15":{"name":"(anonymous_15)","line":108,"loc":{"start":{"line":108,"column":149},"end":{"line":108,"column":168}}},"16":{"name":"(anonymous_16)","line":112,"loc":{"start":{"line":112,"column":53},"end":{"line":112,"column":79}}},"17":{"name":"getModelFromPath","line":117,"loc":{"start":{"line":117,"column":20},"end":{"line":117,"column":59}}},"18":{"name":"getDefinitionReference","line":141,"loc":{"start":{"line":141,"column":26},"end":{"line":141,"column":71}}},"19":{"name":"getPathItem","line":151,"loc":{"start":{"line":151,"column":15},"end":{"line":151,"column":63}}},"20":{"name":"(anonymous_20)","line":154,"loc":{"start":{"line":154,"column":55},"end":{"line":154,"column":86}}},"21":{"name":"getOperation","line":162,"loc":{"start":{"line":162,"column":16},"end":{"line":162,"column":66}}},"22":{"name":"getPathTags","line":177,"loc":{"start":{"line":177,"column":15},"end":{"line":177,"column":56}}},"23":{"name":"getPathModelTag","line":181,"loc":{"start":{"line":181,"column":19},"end":{"line":181,"column":64}}},"24":{"name":"getPathControllerTag","line":186,"loc":{"start":{"line":186,"column":24},"end":{"line":186,"column":74}}},"25":{"name":"getControllerFromRoute","line":197,"loc":{"start":{"line":197,"column":26},"end":{"line":197,"column":78}}},"26":{"name":"getParameters","line":219,"loc":{"start":{"line":219,"column":17},"end":{"line":219,"column":60}}},"27":{"name":"(anonymous_27)","line":224,"loc":{"start":{"line":224,"column":48},"end":{"line":224,"column":65}}},"28":{"name":"getResponses","line":237,"loc":{"start":{"line":237,"column":16},"end":{"line":237,"column":58}}}},"statementMap":{"1":{"start":{"line":3,"column":0},"end":{"line":5,"column":3}},"2":{"start":{"line":7,"column":0},"end":{"line":7,"column":666}},"3":{"start":{"line":7,"column":36},"end":{"line":7,"column":429}},"4":{"start":{"line":7,"column":69},"end":{"line":7,"column":83}},"5":{"start":{"line":7,"column":84},"end":{"line":7,"column":98}},"6":{"start":{"line":7,"column":99},"end":{"line":7,"column":114}},"7":{"start":{"line":7,"column":115},"end":{"line":7,"column":134}},"8":{"start":{"line":7,"column":135},"end":{"line":7,"column":414}},"9":{"start":{"line":7,"column":141},"end":{"line":7,"column":284}},"10":{"start":{"line":7,"column":227},"end":{"line":7,"column":247}},"11":{"start":{"line":7,"column":248},"end":{"line":7,"column":282}},"12":{"start":{"line":7,"column":276},"end":{"line":7,"column":282}},"13":{"start":{"line":7,"column":301},"end":{"line":7,"column":311}},"14":{"start":{"line":7,"column":312},"end":{"line":7,"column":321}},"15":{"start":{"line":7,"column":334},"end":{"line":7,"column":412}},"16":{"start":{"line":7,"column":340},"end":{"line":7,"column":380}},"17":{"start":{"line":7,"column":365},"end":{"line":7,"column":380}},"18":{"start":{"line":7,"column":393},"end":{"line":7,"column":410}},"19":{"start":{"line":7,"column":401},"end":{"line":7,"column":410}},"20":{"start":{"line":7,"column":415},"end":{"line":7,"column":427}},"21":{"start":{"line":7,"column":430},"end":{"line":7,"column":660}},"22":{"start":{"line":7,"column":457},"end":{"line":7,"column":657}},"23":{"start":{"line":7,"column":483},"end":{"line":7,"column":494}},"24":{"start":{"line":7,"column":502},"end":{"line":7,"column":657}},"25":{"start":{"line":7,"column":540},"end":{"line":7,"column":569}},"26":{"start":{"line":7,"column":579},"end":{"line":7,"column":655}},"27":{"start":{"line":9,"column":0},"end":{"line":9,"column":97}},"28":{"start":{"line":9,"column":39},"end":{"line":9,"column":95}},"29":{"start":{"line":11,"column":0},"end":{"line":11,"column":28}},"30":{"start":{"line":13,"column":0},"end":{"line":13,"column":43}},"31":{"start":{"line":15,"column":0},"end":{"line":15,"column":32}},"32":{"start":{"line":17,"column":0},"end":{"line":17,"column":47}},"33":{"start":{"line":19,"column":0},"end":{"line":19,"column":30}},"34":{"start":{"line":21,"column":0},"end":{"line":21,"column":43}},"35":{"start":{"line":23,"column":0},"end":{"line":31,"column":2}},"36":{"start":{"line":33,"column":0},"end":{"line":251,"column":2}},"37":{"start":{"line":36,"column":4},"end":{"line":43,"column":6}},"38":{"start":{"line":51,"column":4},"end":{"line":60,"column":7}},"39":{"start":{"line":67,"column":4},"end":{"line":72,"column":7}},"40":{"start":{"line":68,"column":6},"end":{"line":71,"column":8}},"41":{"start":{"line":79,"column":4},"end":{"line":83,"column":7}},"42":{"start":{"line":80,"column":6},"end":{"line":82,"column":8}},"43":{"start":{"line":85,"column":4},"end":{"line":85,"column":36}},"44":{"start":{"line":87,"column":4},"end":{"line":87,"column":23}},"45":{"start":{"line":91,"column":4},"end":{"line":95,"column":7}},"46":{"start":{"line":92,"column":6},"end":{"line":92,"column":86}},"47":{"start":{"line":94,"column":6},"end":{"line":94,"column":62}},"48":{"start":{"line":105,"column":4},"end":{"line":105,"column":52}},"49":{"start":{"line":106,"column":4},"end":{"line":110,"column":15}},"50":{"start":{"line":107,"column":6},"end":{"line":107,"column":68}},"51":{"start":{"line":109,"column":6},"end":{"line":109,"column":48}},"52":{"start":{"line":112,"column":4},"end":{"line":114,"column":7}},"53":{"start":{"line":113,"column":6},"end":{"line":113,"column":60}},"54":{"start":{"line":118,"column":4},"end":{"line":118,"column":32}},"55":{"start":{"line":120,"column":4},"end":{"line":120,"column":38}},"56":{"start":{"line":122,"column":4},"end":{"line":122,"column":54}},"57":{"start":{"line":124,"column":4},"end":{"line":124,"column":28}},"58":{"start":{"line":125,"column":4},"end":{"line":125,"column":42}},"59":{"start":{"line":126,"column":4},"end":{"line":126,"column":35}},"60":{"start":{"line":127,"column":4},"end":{"line":127,"column":45}},"61":{"start":{"line":128,"column":4},"end":{"line":128,"column":34}},"62":{"start":{"line":130,"column":4},"end":{"line":130,"column":52}},"63":{"start":{"line":131,"column":4},"end":{"line":131,"column":98}},"64":{"start":{"line":132,"column":4},"end":{"line":132,"column":131}},"65":{"start":{"line":133,"column":4},"end":{"line":133,"column":50}},"66":{"start":{"line":135,"column":4},"end":{"line":135,"column":37}},"67":{"start":{"line":142,"column":4},"end":{"line":142,"column":58}},"68":{"start":{"line":143,"column":4},"end":{"line":145,"column":5}},"69":{"start":{"line":144,"column":6},"end":{"line":144,"column":47}},"70":{"start":{"line":152,"column":4},"end":{"line":152,"column":153}},"71":{"start":{"line":154,"column":4},"end":{"line":156,"column":7}},"72":{"start":{"line":155,"column":6},"end":{"line":155,"column":66}},"73":{"start":{"line":163,"column":4},"end":{"line":170,"column":6}},"74":{"start":{"line":178,"column":4},"end":{"line":178,"column":228}},"75":{"start":{"line":182,"column":4},"end":{"line":182,"column":70}},"76":{"start":{"line":183,"column":4},"end":{"line":183,"column":35}},"77":{"start":{"line":187,"column":4},"end":{"line":187,"column":62}},"78":{"start":{"line":189,"column":4},"end":{"line":189,"column":78}},"79":{"start":{"line":191,"column":4},"end":{"line":191,"column":40}},"80":{"start":{"line":192,"column":4},"end":{"line":192,"column":48}},"81":{"start":{"line":194,"column":4},"end":{"line":194,"column":79}},"82":{"start":{"line":198,"column":4},"end":{"line":198,"column":81}},"83":{"start":{"line":199,"column":4},"end":{"line":199,"column":23}},"84":{"start":{"line":199,"column":16},"end":{"line":199,"column":23}},"85":{"start":{"line":201,"column":4},"end":{"line":201,"column":35}},"86":{"start":{"line":202,"column":4},"end":{"line":202,"column":100}},"87":{"start":{"line":204,"column":4},"end":{"line":204,"column":28}},"88":{"start":{"line":204,"column":21},"end":{"line":204,"column":28}},"89":{"start":{"line":206,"column":4},"end":{"line":206,"column":61}},"90":{"start":{"line":208,"column":4},"end":{"line":208,"column":64}},"91":{"start":{"line":210,"column":4},"end":{"line":210,"column":33}},"92":{"start":{"line":211,"column":4},"end":{"line":211,"column":36}},"93":{"start":{"line":213,"column":4},"end":{"line":213,"column":16}},"94":{"start":{"line":220,"column":4},"end":{"line":220,"column":39}},"95":{"start":{"line":222,"column":4},"end":{"line":222,"column":36}},"96":{"start":{"line":222,"column":29},"end":{"line":222,"column":36}},"97":{"start":{"line":224,"column":4},"end":{"line":231,"column":7}},"98":{"start":{"line":225,"column":6},"end":{"line":230,"column":8}},"99":{"start":{"line":238,"column":4},"end":{"line":238,"column":75}},"100":{"start":{"line":239,"column":4},"end":{"line":241,"column":6}},"101":{"start":{"line":242,"column":4},"end":{"line":244,"column":5}},"102":{"start":{"line":243,"column":6},"end":{"line":243,"column":35}},"103":{"start":{"line":245,"column":4},"end":{"line":249,"column":6}},"104":{"start":{"line":253,"column":0},"end":{"line":253,"column":33}},"105":{"start":{"line":254,"column":0},"end":{"line":254,"column":36}}},"branchMap":{"1":{"line":7,"type":"if","locations":[{"start":{"line":7,"column":248},"end":{"line":7,"column":248}},{"start":{"line":7,"column":248},"end":{"line":7,"column":248}}]},"2":{"line":7,"type":"binary-expr","locations":[{"start":{"line":7,"column":252},"end":{"line":7,"column":253}},{"start":{"line":7,"column":257},"end":{"line":7,"column":274}}]},"3":{"line":7,"type":"if","locations":[{"start":{"line":7,"column":340},"end":{"line":7,"column":340}},{"start":{"line":7,"column":340},"end":{"line":7,"column":340}}]},"4":{"line":7,"type":"binary-expr","locations":[{"start":{"line":7,"column":344},"end":{"line":7,"column":347}},{"start":{"line":7,"column":351},"end":{"line":7,"column":363}}]},"5":{"line":7,"type":"if","locations":[{"start":{"line":7,"column":393},"end":{"line":7,"column":393}},{"start":{"line":7,"column":393},"end":{"line":7,"column":393}}]},"6":{"line":7,"type":"if","locations":[{"start":{"line":7,"column":457},"end":{"line":7,"column":457}},{"start":{"line":7,"column":457},"end":{"line":7,"column":457}}]},"7":{"line":7,"type":"if","locations":[{"start":{"line":7,"column":502},"end":{"line":7,"column":502}},{"start":{"line":7,"column":502},"end":{"line":7,"column":502}}]},"8":{"line":9,"type":"cond-expr","locations":[{"start":{"line":9,"column":70},"end":{"line":9,"column":73}},{"start":{"line":9,"column":76},"end":{"line":9,"column":94}}]},"9":{"line":9,"type":"binary-expr","locations":[{"start":{"line":9,"column":46},"end":{"line":9,"column":49}},{"start":{"line":9,"column":53},"end":{"line":9,"column":67}}]},"10":{"line":132,"type":"binary-expr","locations":[{"start":{"line":132,"column":25},"end":{"line":132,"column":78}},{"start":{"line":132,"column":82},"end":{"line":132,"column":130}}]},"11":{"line":135,"type":"binary-expr","locations":[{"start":{"line":135,"column":11},"end":{"line":135,"column":21}},{"start":{"line":135,"column":25},"end":{"line":135,"column":36}}]},"12":{"line":143,"type":"if","locations":[{"start":{"line":143,"column":4},"end":{"line":143,"column":4}},{"start":{"line":143,"column":4},"end":{"line":143,"column":4}}]},"13":{"line":183,"type":"binary-expr","locations":[{"start":{"line":183,"column":11},"end":{"line":183,"column":16}},{"start":{"line":183,"column":20},"end":{"line":183,"column":34}}]},"14":{"line":199,"type":"if","locations":[{"start":{"line":199,"column":4},"end":{"line":199,"column":4}},{"start":{"line":199,"column":4},"end":{"line":199,"column":4}}]},"15":{"line":202,"type":"binary-expr","locations":[{"start":{"line":202,"column":21},"end":{"line":202,"column":37}},{"start":{"line":202,"column":41},"end":{"line":202,"column":76}},{"start":{"line":202,"column":80},"end":{"line":202,"column":99}}]},"16":{"line":204,"type":"if","locations":[{"start":{"line":204,"column":4},"end":{"line":204,"column":4}},{"start":{"line":204,"column":4},"end":{"line":204,"column":4}}]},"17":{"line":222,"type":"if","locations":[{"start":{"line":222,"column":4},"end":{"line":222,"column":4}},{"start":{"line":222,"column":4},"end":{"line":222,"column":4}}]},"18":{"line":242,"type":"if","locations":[{"start":{"line":242,"column":4},"end":{"line":242,"column":4}},{"start":{"line":242,"column":4},"end":{"line":242,"column":4}}]}},"code":["'use strict';","","Object.defineProperty(exports, '__esModule', {","  value: true","});","","var _slicedToArray = (function () { function sliceIterator(arr, i) { var _arr = []; var _n = true; var _d = false; var _e = undefined; try { for (var _i = arr[Symbol.iterator](), _s; !(_n = (_s = _i.next()).done); _n = true) { _arr.push(_s.value); if (i && _arr.length === i) break; } } catch (err) { _d = true; _e = err; } finally { try { if (!_n && _i['return']) _i['return'](); } finally { if (_d) throw _e; } } return _arr; } return function (arr, i) { if (Array.isArray(arr)) { return arr; } else if (Symbol.iterator in Object(arr)) { return sliceIterator(arr, i); } else { throw new TypeError('Invalid attempt to destructure non-iterable instance'); } }; })();","","function _interopRequireDefault(obj) { return obj && obj.__esModule ? obj : { 'default': obj }; }","","var _hoek = require('hoek');","","var _hoek2 = _interopRequireDefault(_hoek);","","var _lodash = require('lodash');","","var _lodash2 = _interopRequireDefault(_lodash);","","var _spec = require('./spec');","","var _spec2 = _interopRequireDefault(_spec);","","var methodMap = {","  post: 'Create Object(s)',","  get: 'Read Object(s)',","  put: 'Update Object(s)',","  patch: 'Update Object(s)',","  'delete': 'Destroy Object(s)',","  options: 'Get Resource Options',","  head: 'Get Resource headers'","};","","var Transformer = {","","  getSwagger: function getSwagger(sails, pkg) {","    return {","      swagger: '2.0',","      info: Transformer.getInfo(pkg),","      host: sails.config.swagger.host,","      tags: Transformer.getTags(sails),","      definitions: Transformer.getDefinitions(sails),","      paths: Transformer.getPaths(sails)","    };","  },","","  /**","   * Convert a package.json file into a Swagger Info Object","   * http://swagger.io/specification/#infoObject","   */","  getInfo: function getInfo(pkg) {","    return _hoek2['default'].transform(pkg, {","      'title': 'name',","      'description': 'description',","      'version': 'version',","","      'contact.name': 'author',","      'contact.url': 'homepage',","","      'license.name': 'license'","    });","  },","","  /**","   * http://swagger.io/specification/#tagObject","   */","  getTags: function getTags(sails) {","    return _lodash2['default'].map(_lodash2['default'].pluck(sails.controllers, 'globalId'), function (tagName) {","      return {","        name: tagName","        //description: `${tagName} Controller`","      };","    });","  },","","  /**","   * http://swagger.io/specification/#definitionsObject","   */","  getDefinitions: function getDefinitions(sails) {","    var definitions = _lodash2['default'].transform(sails.models, function (definitions, model, modelName) {","      definitions[model.identity] = {","        properties: Transformer.getDefinitionProperties(model.definition)","      };","    });","","    delete definitions['undefined'];","","    return definitions;","  },","","  getDefinitionProperties: function getDefinitionProperties(definition) {","    return _lodash2['default'].mapValues(definition, function (def, attrName) {","      var property = _lodash2['default'].pick(def, ['type', 'description', 'format']);","","      return _spec2['default'].getPropertyType(property.type);","    });","  },","","  /**","   * Convert the internal Sails route map into a Swagger Paths","   * Object","   * http://swagger.io/specification/#pathsObject","   * http://swagger.io/specification/#pathItemObject","   */","  getPaths: function getPaths(sails) {","    var routes = sails.router._privateRouter.routes;","    var pathGroups = _lodash2['default'].chain(routes).values().flatten().unique(function (route) {","      return route.path + route.method + JSON.stringify(route.keys);","    }).reject({ path: '/*' }).reject({ path: '/__getcookie' }).reject({ path: '/csrfToken' }).reject({ path: '/csrftoken' }).groupBy('path').mapKeys(function (_, path) {","      return path.replace(/:(\\w+)\\??/g, '{$1}');","    }).value();","","    return _lodash2['default'].mapValues(pathGroups, function (pathGroup, key) {","      return Transformer.getPathItem(sails, pathGroup, key);","    });","  },","","  getModelFromPath: function getModelFromPath(sails, path) {","    var split = path.split('/');","","    var _path$split = path.split('/');","","    var _path$split2 = _slicedToArray(_path$split, 5);","","    var $ = _path$split2[0];","    var parentModelName = _path$split2[1];","    var parentId = _path$split2[2];","    var childAttributeName = _path$split2[3];","    var childId = _path$split2[4];","","    var parentModel = sails.models[parentModelName];","    var childAttribute = _lodash2['default'].get(parentModel, ['attributes', childAttributeName]);","    var childModelName = _lodash2['default'].get(childAttribute, 'collection') || _lodash2['default'].get(childAttribute, 'model');","    var childModel = sails.models[childModelName];","","    return childModel || parentModel;","  },","","  /**","   * http://swagger.io/specification/#definitionsObject","   */","  getDefinitionReference: function getDefinitionReference(sails, path) {","    var model = Transformer.getModelFromPath(sails, path);","    if (model) {","      return '#/definitions/' + model.identity;","    }","  },","","  /**","   * http://swagger.io/specification/#pathItemObject","   */","  getPathItem: function getPathItem(sails, pathGroup, pathkey) {","    var methodGroups = _lodash2['default'].chain(pathGroup).indexBy('method').pick(['get', 'post', 'put', 'head', 'options', 'patch', 'delete']).value();","","    return _lodash2['default'].mapValues(methodGroups, function (methodGroup, method) {","      return Transformer.getOperation(sails, methodGroup, method);","    });","  },","","  /**","   * http://swagger.io/specification/#operationObject","   */","  getOperation: function getOperation(sails, methodGroup, method) {","    return {","      summary: methodMap[method],","      consumes: ['application/json'],","      produces: ['application/json'],","      parameters: Transformer.getParameters(sails, methodGroup),","      responses: Transformer.getResponses(sails, methodGroup),","      tags: Transformer.getPathTags(sails, methodGroup)","    };","  },","","  /**","   * A list of tags for API documentation control. Tags can be used for logical","   * grouping of operations by resources or any other qualifier.","   */","  getPathTags: function getPathTags(sails, methodGroup) {","    return _lodash2['default'].unique(_lodash2['default'].compact([Transformer.getPathModelTag(sails, methodGroup), Transformer.getPathControllerTag(sails, methodGroup), Transformer.getControllerFromRoute(sails, methodGroup)]));","  },","","  getPathModelTag: function getPathModelTag(sails, methodGroup) {","    var model = Transformer.getModelFromPath(sails, methodGroup.path);","    return model && model.globalId;","  },","","  getPathControllerTag: function getPathControllerTag(sails, methodGroup) {","    var _methodGroup$path$split = methodGroup.path.split('/');","","    var _methodGroup$path$split2 = _slicedToArray(_methodGroup$path$split, 2);","","    var $ = _methodGroup$path$split2[0];","    var pathToken = _methodGroup$path$split2[1];","","    return _lodash2['default'].get(sails.controllers, [pathToken, 'globalId']);","  },","","  getControllerFromRoute: function getControllerFromRoute(sails, methodGroup) {","    var route = sails.config.routes[methodGroup.method + ' ' + methodGroup.path];","    if (!route) return;","","    var pattern = /(.+)Controller/;","    var controller = route.controller || _lodash2['default'].isString(route) && route.split('.')[0];","","    if (!controller) return;","","    var _Controller$exec = /(.+)Controller/.exec(controller);","","    var _Controller$exec2 = _slicedToArray(_Controller$exec, 2);","","    var $ = _Controller$exec2[0];","    var name = _Controller$exec2[1];","","    return name;","  },","","  /**","   * http://swagger.io/specification/#parameterObject","   */","  getParameters: function getParameters(sails, methodGroup) {","    var routeParams = methodGroup.keys;","","    if (!routeParams.length) return;","","    return _lodash2['default'].map(routeParams, function (param) {","      return {","        name: param.name,","        'in': 'path',","        required: true,","        type: 'string'","      };","    });","  },","","  /**","   * http://swagger.io/specification/#responsesObject","   */","  getResponses: function getResponses(sails, methodGroup) {","    var $ref = Transformer.getDefinitionReference(sails, methodGroup.path);","    var ok = {","      description: 'The requested resource'","    };","    if ($ref) {","      ok.schema = { '$ref': $ref };","    }","    return {","      '200': ok,","      '404': { description: 'Resource not found' },","      '500': { description: 'Internal server error' }","    };","  }","};","","exports['default'] = Transformer;","module.exports = exports['default'];"],"l":{"3":1,"7":1,"9":3,"11":1,"13":1,"15":1,"17":1,"19":1,"21":1,"23":1,"33":1,"36":0,"51":0,"67":0,"68":0,"79":0,"80":0,"85":0,"87":0,"91":0,"92":0,"94":0,"105":0,"106":0,"107":0,"109":0,"112":0,"113":0,"118":0,"120":0,"122":0,"124":0,"125":0,"126":0,"127":0,"128":0,"130":0,"131":0,"132":0,"133":0,"135":0,"142":0,"143":0,"144":0,"152":0,"154":0,"155":0,"163":0,"178":0,"182":0,"183":0,"187":0,"189":0,"191":0,"192":0,"194":0,"198":0,"199":0,"201":0,"202":0,"204":0,"206":0,"208":0,"210":0,"211":0,"213":0,"220":0,"222":0,"224":0,"225":0,"238":0,"239":0,"242":0,"243":0,"245":0,"253":1,"254":1}},"/home/travis/build/npmtest/node-npmtest-sails-swagger/node_modules/sails-swagger/dist/lib/spec.js":{"path":"/home/travis/build/npmtest/node-npmtest-sails-swagger/node_modules/sails-swagger/dist/lib/spec.js","s":{"1":1,"2":1,"3":1,"4":1,"5":0,"6":1,"7":1},"b":{"1":[0,0]},"f":{"1":0},"fnMap":{"1":{"name":"getPropertyType","line":50,"loc":{"start":{"line":50,"column":19},"end":{"line":50,"column":52}}}},"statementMap":{"1":{"start":{"line":7,"column":0},"end":{"line":9,"column":3}},"2":{"start":{"line":10,"column":0},"end":{"line":42,"column":2}},"3":{"start":{"line":44,"column":0},"end":{"line":47,"column":2}},"4":{"start":{"line":49,"column":0},"end":{"line":53,"column":2}},"5":{"start":{"line":51,"column":4},"end":{"line":51,"column":44}},"6":{"start":{"line":55,"column":0},"end":{"line":55,"column":26}},"7":{"start":{"line":56,"column":0},"end":{"line":56,"column":36}}},"branchMap":{"1":{"line":51,"type":"binary-expr","locations":[{"start":{"line":51,"column":17},"end":{"line":51,"column":32}},{"start":{"line":51,"column":36},"end":{"line":51,"column":42}}]}},"code":["/**"," * https://github.com/swagger-api/swagger-spec/blob/master/versions/2.0.md#dataTypeFormat"," */","","'use strict';","","Object.defineProperty(exports, '__esModule', {","  value: true","});","var types = {","  integer: {","    type: 'integer',","    format: 'int32'","  },","  float: {","    type: 'number',","    format: 'float'","  },","  double: {","    type: 'number',","    format: 'double'","  },","  string: {","    type: 'string',","    format: 'string'","  },","  binary: {","    type: 'string',","    format: 'binary'","  },","  boolean: {","    type: 'boolean'","  },","  date: {","    type: 'string',","    format: 'date'","  },","  datetime: {","    type: 'string',","    format: 'date-time'","  }","};","","var typeMap = {","  text: 'string',","  json: 'string'","};","","var Spec = {","  getPropertyType: function getPropertyType(wltype) {","    return types[typeMap[wltype] || wltype];","  }","};","","exports['default'] = Spec;","module.exports = exports['default'];"],"l":{"7":1,"10":1,"44":1,"49":1,"51":0,"55":1,"56":1}},"/home/travis/build/npmtest/node-npmtest-sails-swagger/node_modules/sails-swagger/gulpfile.js":{"path":"/home/travis/build/npmtest/node-npmtest-sails-swagger/node_modules/sails-swagger/gulpfile.js","s":{"1":2,"2":2,"3":0,"4":0,"5":0,"6":0},"b":{},"f":{"1":0},"fnMap":{"1":{"name":"(anonymous_1)","line":4,"loc":{"start":{"line":4,"column":21},"end":{"line":4,"column":33}}}},"statementMap":{"1":{"start":{"line":1,"column":0},"end":{"line":1,"column":27}},"2":{"start":{"line":2,"column":0},"end":{"line":2,"column":34}},"3":{"start":{"line":4,"column":0},"end":{"line":16,"column":3}},"4":{"start":{"line":5,"column":2},"end":{"line":7,"column":33}},"5":{"start":{"line":9,"column":2},"end":{"line":11,"column":33}},"6":{"start":{"line":13,"column":2},"end":{"line":15,"column":36}}},"branchMap":{},"code":["var gulp = require('gulp');","var babel = require('gulp-babel');","","gulp.task('default', function () {","  gulp.src([ 'lib/**' ])","    .pipe(babel())","    .pipe(gulp.dest('dist/lib'));","","  gulp.src([ 'api/**' ])","    .pipe(babel())","    .pipe(gulp.dest('dist/api'));","","  gulp.src([ 'config/**' ])","    .pipe(babel())","    .pipe(gulp.dest('dist/config'));","});",""],"l":{"1":2,"2":2,"4":0,"5":0,"9":0,"13":0}},"/home/travis/build/npmtest/node-npmtest-sails-swagger/node_modules/sails-swagger/config/marlinspike.js":{"path":"/home/travis/build/npmtest/node-npmtest-sails-swagger/node_modules/sails-swagger/config/marlinspike.js","s":{"1":1},"b":{},"f":{},"fnMap":{},"statementMap":{"1":{"start":{"line":1,"column":0},"end":{"line":3,"column":2}}},"branchMap":{},"code":["module.exports.marlinspike = {","  models: false","};",""],"l":{"1":1}},"/home/travis/build/npmtest/node-npmtest-sails-swagger/node_modules/sails-swagger/config/routes.js":{"path":"/home/travis/build/npmtest/node-npmtest-sails-swagger/node_modules/sails-swagger/config/routes.js","s":{"1":1},"b":{},"f":{},"fnMap":{},"statementMap":{"1":{"start":{"line":1,"column":0},"end":{"line":10,"column":1}}},"branchMap":{},"code":["module.exports.routes = {","  '/swagger/doc': {","    cors: {","      origin: 'http://swagger.balderdash.io',","      methods: 'GET,OPTIONS,HEAD'","    },","    controller: 'SwaggerController',","    action: 'doc'","  }","}",""],"l":{"1":1}},"/home/travis/build/npmtest/node-npmtest-sails-swagger/node_modules/sails-swagger/api/models/Contact.js":{"path":"/home/travis/build/npmtest/node-npmtest-sails-swagger/node_modules/sails-swagger/api/models/Contact.js","s":{"1":1},"b":{},"f":{},"fnMap":{},"statementMap":{"1":{"start":{"line":8,"column":0},"end":{"line":16,"column":2}}},"branchMap":{},"code":["/**","* Contact.js","*","* @description :: TODO: You might write a short summary of how this model works and what it represents here.","* @docs        :: http://sailsjs.org/#!documentation/models","*/","","module.exports = {","","  attributes: {","    group: {","      model: 'Group'","    }","","  }","};","",""],"l":{"8":1}},"/home/travis/build/npmtest/node-npmtest-sails-swagger/node_modules/sails-swagger/api/models/Group.js":{"path":"/home/travis/build/npmtest/node-npmtest-sails-swagger/node_modules/sails-swagger/api/models/Group.js","s":{"1":1},"b":{},"f":{},"fnMap":{},"statementMap":{"1":{"start":{"line":8,"column":0},"end":{"line":16,"column":2}}},"branchMap":{},"code":["/**","* Group.js","*","* @description :: TODO: You might write a short summary of how this model works and what it represents here.","* @docs        :: http://sailsjs.org/#!documentation/models","*/","","module.exports = {","","  attributes: {","    contacts: {","      collection: 'Contact'","    }","","  }","};","",""],"l":{"8":1}}}